15-7-2025 18:53:55 No se pudo convertir N350=x1.20: 'N350' [CONVERSION] = <- se mantiene x1.20 
15-7-2025 18:53:55 No se pudo convertir N352=x3.00: 'N352' [CONVERSION] = <- se mantiene x3.00 
15-7-2025 18:53:55 No se pudo convertir N354=x1.20: 'N354' [CONVERSION] = <- se mantiene x1.20 
15-7-2025 18:53:55 No se pudo convertir N350=x1.20: 'N350' [CONVERSION] = <- se mantiene x1.20 
15-7-2025 18:53:55 No se pudo convertir N352=x3.00: 'N352' [CONVERSION] = <- se mantiene x3.00 
15-7-2025 18:53:55 No se pudo convertir N354=x1.20: 'N354' [CONVERSION] = <- se mantiene x1.20 
15-7-2025 18:53:55 No se pudo convertir N350=x1.50: 'N350' [CONVERSION] = <- se mantiene x1.50 
15-7-2025 18:53:55 No se pudo convertir N352=x3.00: 'N352' [CONVERSION] = <- se mantiene x3.00 
15-7-2025 18:53:55 No se pudo convertir N354=x1.20: 'N354' [CONVERSION] = <- se mantiene x1.20 
15-7-2025 18:53:55 No se pudo convertir N350=x1.50: 'N350' [CONVERSION] = <- se mantiene x1.50 
15-7-2025 18:53:55 No se pudo convertir N352=x3.00: 'N352' [CONVERSION] = <- se mantiene x3.00 
15-7-2025 18:53:55 No se pudo convertir N354=x1.20: 'N354' [CONVERSION] = <- se mantiene x1.20 
15-7-2025 18:53:55 No se pudo convertir N350=x1.50: 'N350' [CONVERSION] = <- se mantiene x1.50 
15-7-2025 18:53:55 No se pudo convertir N352=x3.00: 'N352' [CONVERSION] = <- se mantiene x3.00 
15-7-2025 18:53:55 No se pudo convertir N354=x1.20: 'N354' [CONVERSION] = <- se mantiene x1.20 
15-7-2025 18:53:55 No se pudo convertir N350=x1.50: 'N350' [CONVERSION] = <- se mantiene x1.50 
15-7-2025 18:53:55 No se pudo convertir N352=x3.00: 'N352' [CONVERSION] = <- se mantiene x3.00 
15-7-2025 18:53:55 No se pudo convertir N354=x1.20: 'N354' [CONVERSION] = <- se mantiene x1.20 
15-7-2025 18:53:55 No se pudo convertir N350=x1.50: 'N350' [CONVERSION] = <- se mantiene x1.50 
15-7-2025 18:53:55 No se pudo convertir N352=x3.00: 'N352' [CONVERSION] = <- se mantiene x3.00 
15-7-2025 18:53:55 No se pudo convertir N354=x1.20: 'N354' [CONVERSION] = <- se mantiene x1.20 
15-7-2025 18:53:55 No se pudo convertir N350=x1.50: 'N350' [CONVERSION] = <- se mantiene x1.50 
15-7-2025 18:53:55 No se pudo convertir N352=x3.00: 'N352' [CONVERSION] = <- se mantiene x3.00 
15-7-2025 18:53:55 No se pudo convertir N354=x1.20: 'N354' [CONVERSION] = <- se mantiene x1.20 
15-7-2025 18:53:55 No se pudo convertir N350=x1.50: 'N350' [CONVERSION] = <- se mantiene x1.50 
15-7-2025 18:53:55 No se pudo convertir N352=x3.00: 'N352' [CONVERSION] = <- se mantiene x3.00 
15-7-2025 18:53:55 No se pudo convertir N354=x1.20: 'N354' [CONVERSION] = <- se mantiene x1.20 
15-7-2025 18:53:55 No se pudo convertir N350=x2.50: 'N350' [CONVERSION] = <- se mantiene x2.50 
15-7-2025 18:53:55 No se pudo convertir N352=x3.00: 'N352' [CONVERSION] = <- se mantiene x3.00 
15-7-2025 18:53:55 No se pudo convertir N354=x2.50: 'N354' [CONVERSION] = <- se mantiene x2.50 
15-7-2025 18:53:55 No se pudo convertir N350=x1.50: 'N350' [CONVERSION] = <- se mantiene x1.50 
15-7-2025 18:53:55 No se pudo convertir N352=x3.00: 'N352' [CONVERSION] = <- se mantiene x3.00 
15-7-2025 18:53:55 No se pudo convertir N354=x2.50: 'N354' [CONVERSION] = <- se mantiene x2.50 
15-7-2025 18:53:55 No se pudo convertir N350=x1.50: 'N350' [CONVERSION] = <- se mantiene x1.50 
15-7-2025 18:53:55 No se pudo convertir N352=x3.00: 'N352' [CONVERSION] = <- se mantiene x3.00 
15-7-2025 18:53:55 No se pudo convertir N354=x2.50: 'N354' [CONVERSION] = <- se mantiene x2.50 
15-7-2025 18:53:56 No se pudo convertir N350=x1.50: 'N350' [CONVERSION] = <- se mantiene x1.50 
15-7-2025 18:53:56 No se pudo convertir N352=x3.00: 'N352' [CONVERSION] = <- se mantiene x3.00 
15-7-2025 18:53:56 No se pudo convertir N354=x2.50: 'N354' [CONVERSION] = <- se mantiene x2.50 
15-7-2025 18:53:56 No se pudo convertir N350=x1.50: 'N350' [CONVERSION] = <- se mantiene x1.50 
15-7-2025 18:53:56 No se pudo convertir N352=x3.00: 'N352' [CONVERSION] = <- se mantiene x3.00 
15-7-2025 18:53:56 No se pudo convertir N354=x2.50: 'N354' [CONVERSION] = <- se mantiene x2.50 
15-7-2025 18:53:56 No se pudo convertir N350=x1.50: 'N350' [CONVERSION] = <- se mantiene x1.50 
15-7-2025 18:53:56 No se pudo convertir N352=x3.00: 'N352' [CONVERSION] = <- se mantiene x3.00 
15-7-2025 18:53:56 No se pudo convertir N354=x2.50: 'N354' [CONVERSION] = <- se mantiene x2.50 
15-7-2025 18:53:56 No se pudo convertir N350=x1.50: 'N350' [CONVERSION] = <- se mantiene x1.50 
15-7-2025 18:53:56 No se pudo convertir N352=x3.00: 'N352' [CONVERSION] = <- se mantiene x3.00 
15-7-2025 18:53:56 No se pudo convertir N354=x2.50: 'N354' [CONVERSION] = <- se mantiene x2.50 
15-7-2025 18:53:58 No se pudo convertir N350=x1.50: 'N350' [CONVERSION] = <- se mantiene x1.50 
15-7-2025 18:53:58 No se pudo convertir N352=x3.00: 'N352' [CONVERSION] = <- se mantiene x3.00 
15-7-2025 18:53:58 No se pudo convertir N354=x1.50: 'N354' [CONVERSION] = <- se mantiene x1.50 
15-7-2025 18:53:58 No se pudo convertir N350=x1.50: 'N350' [CONVERSION] = <- se mantiene x1.50 
15-7-2025 18:53:58 No se pudo convertir N352=x3.00: 'N352' [CONVERSION] = <- se mantiene x3.00 
15-7-2025 18:53:58 No se pudo convertir N354=x1.50: 'N354' [CONVERSION] = <- se mantiene x1.50 
15-7-2025 18:53:58 No se pudo convertir N350=x1.50: 'N350' [CONVERSION] = <- se mantiene x1.50 
15-7-2025 18:53:58 No se pudo convertir N352=x3.00: 'N352' [CONVERSION] = <- se mantiene x3.00 
15-7-2025 18:53:58 No se pudo convertir N354=x1.50: 'N354' [CONVERSION] = <- se mantiene x1.50 
15-7-2025 18:53:59 No se pudo convertir N350=x1.50: 'N350' [CONVERSION] = <- se mantiene x1.50 
15-7-2025 18:53:59 No se pudo convertir N352=x3.00: 'N352' [CONVERSION] = <- se mantiene x3.00 
15-7-2025 18:53:59 No se pudo convertir N354=x1.50: 'N354' [CONVERSION] = <- se mantiene x1.50 
15-7-2025 18:53:59 No se pudo convertir N350=x1.50: 'N350' [CONVERSION] = <- se mantiene x1.50 
15-7-2025 18:53:59 No se pudo convertir N352=x3.00: 'N352' [CONVERSION] = <- se mantiene x3.00 
15-7-2025 18:53:59 No se pudo convertir N354=x1.50: 'N354' [CONVERSION] = <- se mantiene x1.50 
15-7-2025 18:53:59 No se pudo convertir N350=x1.50: 'N350' [CONVERSION] = <- se mantiene x1.50 
15-7-2025 18:53:59 No se pudo convertir N352=x3.00: 'N352' [CONVERSION] = <- se mantiene x3.00 
15-7-2025 18:53:59 No se pudo convertir N354=x1.50: 'N354' [CONVERSION] = <- se mantiene x1.50 
15-7-2025 18:53:59 No se pudo convertir N350=x1.50: 'N350' [CONVERSION] = <- se mantiene x1.50 
15-7-2025 18:53:59 No se pudo convertir N352=x3.00: 'N352' [CONVERSION] = <- se mantiene x3.00 
15-7-2025 18:53:59 No se pudo convertir N354=x1.50: 'N354' [CONVERSION] = <- se mantiene x1.50 
15-7-2025 18:53:59 No se pudo convertir N350=x1.50: 'N350' [CONVERSION] = <- se mantiene x1.50 
15-7-2025 18:53:59 No se pudo convertir N352=x3.00: 'N352' [CONVERSION] = <- se mantiene x3.00 
15-7-2025 18:53:59 No se pudo convertir N354=x1.50: 'N354' [CONVERSION] = <- se mantiene x1.50 
15-7-2025 18:53:59 No se pudo convertir N350=x1.50: 'N350' [CONVERSION] = <- se mantiene x1.50 
15-7-2025 18:53:59 No se pudo convertir N352=x3.00: 'N352' [CONVERSION] = <- se mantiene x3.00 
15-7-2025 18:53:59 No se pudo convertir N354=x1.50: 'N354' [CONVERSION] = <- se mantiene x1.50 
15-7-2025 18:53:59 No se pudo convertir N350=x1.50: 'N350' [CONVERSION] = <- se mantiene x1.50 
15-7-2025 18:53:59 No se pudo convertir N352=x3.00: 'N352' [CONVERSION] = <- se mantiene x3.00 
15-7-2025 18:53:59 No se pudo convertir N354=x1.50: 'N354' [CONVERSION] = <- se mantiene x1.50 
15-7-2025 18:53:59 No se pudo convertir N350=x1.50: 'N350' [CONVERSION] = <- se mantiene x1.50 
15-7-2025 18:53:59 No se pudo convertir N352=x3.00: 'N352' [CONVERSION] = <- se mantiene x3.00 
15-7-2025 18:53:59 No se pudo convertir N354=x1.50: 'N354' [CONVERSION] = <- se mantiene x1.50 
15-7-2025 18:53:59 No se pudo convertir N350=x1.50: 'N350' [CONVERSION] = <- se mantiene x1.50 
15-7-2025 18:53:59 No se pudo convertir N352=x3.00: 'N352' [CONVERSION] = <- se mantiene x3.00 
15-7-2025 18:53:59 No se pudo convertir N354=x1.50: 'N354' [CONVERSION] = <- se mantiene x1.50 
15-7-2025 18:53:59 No se pudo convertir N350=x1.50: 'N350' [CONVERSION] = <- se mantiene x1.50 
15-7-2025 18:53:59 No se pudo convertir N352=x3.00: 'N352' [CONVERSION] = <- se mantiene x3.00 
15-7-2025 18:53:59 No se pudo convertir N354=x1.50: 'N354' [CONVERSION] = <- se mantiene x1.50 
15-7-2025 18:53:59 --> [OpenFile] = Se ha producido un error de excepción
'NoneType' object has no attribute 'span' 'para_procesar\15KW PROCUTTER 2.0 200_100\factory\ALUMINIUM\ALUMINIO_Al-5754_4.00_N2_3.50_200_15KW_'
15-7-2025 18:53:59 --> [OpenFile] = Se ha producido un error de excepción
'NoneType' object has no attribute 'span' 'para_procesar\15KW PROCUTTER 2.0 200_100\factory\ALUMINIUM\ALUMINIO_Al-5754_5.00_N2_3.00_200_15KW_'
15-7-2025 18:53:59 No se pudo convertir =: '' [CONVERSION] = <- se mantiene  
15-7-2025 18:53:59 No se pudo convertir =: '' [CONVERSION] = <- se mantiene  
15-7-2025 18:53:59 No se pudo convertir =: '' [CONVERSION] = <- se mantiene  
15-7-2025 18:53:59 No se pudo convertir =: '' [CONVERSION] = <- se mantiene  
15-7-2025 18:53:59 No se pudo convertir =: '' [CONVERSION] = <- se mantiene  
15-7-2025 18:53:59 No se pudo convertir =: '' [CONVERSION] = <- se mantiene  
15-7-2025 18:53:59 No se pudo convertir =: '' [CONVERSION] = <- se mantiene  
15-7-2025 18:53:59 No se pudo convertir =: '' [CONVERSION] = <- se mantiene  
15-7-2025 18:53:59 No se pudo convertir =: '' [CONVERSION] = <- se mantiene  
15-7-2025 18:53:59 No se pudo convertir =: '' [CONVERSION] = <- se mantiene  
15-7-2025 18:53:59 No se pudo convertir =: '' [CONVERSION] = <- se mantiene  
15-7-2025 18:53:59 No se pudo convertir =: '' [CONVERSION] = <- se mantiene  
15-7-2025 18:53:59 No se pudo convertir =: '' [CONVERSION] = <- se mantiene  
15-7-2025 18:53:59 No se pudo convertir =: '' [CONVERSION] = <- se mantiene  
15-7-2025 18:53:59 No se pudo convertir =: '' [CONVERSION] = <- se mantiene  
15-7-2025 18:53:59 No se pudo convertir =: '' [CONVERSION] = <- se mantiene  
15-7-2025 18:53:59 No se pudo convertir =: '' [CONVERSION] = <- se mantiene  
15-7-2025 18:53:59 No se pudo convertir =: '' [CONVERSION] = <- se mantiene  
15-7-2025 18:53:59 No se pudo convertir =: '' [CONVERSION] = <- se mantiene  
15-7-2025 18:53:59 No se pudo convertir =: '' [CONVERSION] = <- se mantiene  
15-7-2025 18:53:59 No se pudo convertir =: '' [CONVERSION] = <- se mantiene  
15-7-2025 18:53:59 No se pudo convertir =: '' [CONVERSION] = <- se mantiene  
15-7-2025 18:54:0 No se pudo convertir =: '' [CONVERSION] = <- se mantiene  
15-7-2025 18:54:0 No se pudo convertir N350=x2.00: 'N350' [CONVERSION] = <- se mantiene x2.00 
15-7-2025 18:54:0 No se pudo convertir N352=x3.00: 'N352' [CONVERSION] = <- se mantiene x3.00 
15-7-2025 18:54:0 No se pudo convertir N354=x3.50: 'N354' [CONVERSION] = <- se mantiene x3.50 
15-7-2025 18:54:0 No se pudo convertir N350=x2.00: 'N350' [CONVERSION] = <- se mantiene x2.00 
15-7-2025 18:54:0 No se pudo convertir N352=x3.00: 'N352' [CONVERSION] = <- se mantiene x3.00 
15-7-2025 18:54:0 No se pudo convertir N354=x3.50: 'N354' [CONVERSION] = <- se mantiene x3.50 
15-7-2025 18:54:0 No se pudo convertir N016=2.50: 'N016' [CONVERSION] = <- se mantiene 2.50 
15-7-2025 18:54:0 No se pudo convertir N023=0: 'N023' [CONVERSION] = <- se mantiene 0 
15-7-2025 18:54:5 No se pudo convertir =: '' [CONVERSION] = <- se mantiene  
15-7-2025 18:54:5 No se pudo convertir =: '' [CONVERSION] = <- se mantiene  
15-7-2025 18:54:5 No se pudo convertir =: '' [CONVERSION] = <- se mantiene  
15-7-2025 18:54:5 No se pudo convertir =: '' [CONVERSION] = <- se mantiene  
15-7-2025 18:54:5 No se pudo convertir =: '' [CONVERSION] = <- se mantiene  
15-7-2025 18:54:5 No se pudo convertir =: '' [CONVERSION] = <- se mantiene  
15-7-2025 18:54:5 No se pudo convertir =: '' [CONVERSION] = <- se mantiene  
15-7-2025 18:54:5 No se pudo convertir =: '' [CONVERSION] = <- se mantiene  
15-7-2025 18:54:5 No se pudo convertir =: '' [CONVERSION] = <- se mantiene  
15-7-2025 18:54:5 No se pudo convertir =: '' [CONVERSION] = <- se mantiene  
15-7-2025 18:54:5 No se pudo convertir =: '' [CONVERSION] = <- se mantiene  
15-7-2025 18:54:5 No se pudo convertir =: '' [CONVERSION] = <- se mantiene  
15-7-2025 18:54:5 No se pudo convertir =: '' [CONVERSION] = <- se mantiene  
15-7-2025 18:54:5 No se pudo convertir =: '' [CONVERSION] = <- se mantiene  
15-7-2025 18:54:5 No se pudo convertir =: '' [CONVERSION] = <- se mantiene  
15-7-2025 18:54:5 No se pudo convertir =: '' [CONVERSION] = <- se mantiene  
15-7-2025 18:54:5 No se pudo convertir =: '' [CONVERSION] = <- se mantiene  
15-7-2025 18:54:5 No se pudo convertir =: '' [CONVERSION] = <- se mantiene  
15-7-2025 18:54:5 No se pudo convertir =: '' [CONVERSION] = <- se mantiene  
15-7-2025 18:54:5 No se pudo convertir =: '' [CONVERSION] = <- se mantiene  
15-7-2025 18:54:5 No se pudo convertir =: '' [CONVERSION] = <- se mantiene  
15-7-2025 18:54:5 No se pudo convertir =: '' [CONVERSION] = <- se mantiene  
15-7-2025 18:54:5 No se pudo convertir =: '' [CONVERSION] = <- se mantiene  
15-7-2025 18:54:11 No se pudo convertir N013=1.00: 'N013' [CONVERSION] = <- se mantiene 1.00 
15-7-2025 18:54:11 No se pudo convertir N014=1.00: 'N014' [CONVERSION] = <- se mantiene 1.00 
15-7-2025 18:54:11 No se pudo convertir N015=4.00: 'N015' [CONVERSION] = <- se mantiene 4.00 
15-7-2025 18:54:11 No se pudo convertir N023=0: 'N023' [CONVERSION] = <- se mantiene 0 
15-7-2025 18:54:11 No se pudo convertir N024=0: 'N024' [CONVERSION] = <- se mantiene 0 
15-7-2025 18:54:11 No se pudo convertir =: '' [CONVERSION] = <- se mantiene  
15-7-2025 18:54:11 No se pudo convertir =: '' [CONVERSION] = <- se mantiene  
15-7-2025 18:54:11 No se pudo convertir =: '' [CONVERSION] = <- se mantiene  
15-7-2025 18:54:11 No se pudo convertir =: '' [CONVERSION] = <- se mantiene  
15-7-2025 18:54:11 No se pudo convertir =: '' [CONVERSION] = <- se mantiene  
15-7-2025 18:54:11 No se pudo convertir =: '' [CONVERSION] = <- se mantiene  
15-7-2025 18:54:11 No se pudo convertir =: '' [CONVERSION] = <- se mantiene  
15-7-2025 18:54:11 No se pudo convertir =: '' [CONVERSION] = <- se mantiene  
15-7-2025 18:54:11 No se pudo convertir =: '' [CONVERSION] = <- se mantiene  
15-7-2025 18:54:11 No se pudo convertir N013=1.00: 'N013' [CONVERSION] = <- se mantiene 1.00 
15-7-2025 18:54:11 No se pudo convertir N014=1.00: 'N014' [CONVERSION] = <- se mantiene 1.00 
15-7-2025 18:54:11 No se pudo convertir N015=4.00: 'N015' [CONVERSION] = <- se mantiene 4.00 
15-7-2025 18:54:11 No se pudo convertir N023=0: 'N023' [CONVERSION] = <- se mantiene 0 
15-7-2025 18:54:11 No se pudo convertir N024=0: 'N024' [CONVERSION] = <- se mantiene 0 
15-7-2025 18:54:11 No se pudo convertir =: '' [CONVERSION] = <- se mantiene  
15-7-2025 18:54:11 No se pudo convertir =: '' [CONVERSION] = <- se mantiene  
15-7-2025 18:54:11 No se pudo convertir =: '' [CONVERSION] = <- se mantiene  
15-7-2025 18:54:11 No se pudo convertir =: '' [CONVERSION] = <- se mantiene  
15-7-2025 18:54:11 No se pudo convertir =: '' [CONVERSION] = <- se mantiene  
15-7-2025 18:54:11 No se pudo convertir =: '' [CONVERSION] = <- se mantiene  
15-7-2025 18:54:11 No se pudo convertir =: '' [CONVERSION] = <- se mantiene  
15-7-2025 18:54:11 No se pudo convertir =: '' [CONVERSION] = <- se mantiene  
15-7-2025 18:54:11 No se pudo convertir =: '' [CONVERSION] = <- se mantiene  
15-7-2025 18:54:11 No se pudo convertir N013=1.00: 'N013' [CONVERSION] = <- se mantiene 1.00 
15-7-2025 18:54:11 No se pudo convertir N014=1.00: 'N014' [CONVERSION] = <- se mantiene 1.00 
15-7-2025 18:54:11 No se pudo convertir N015=4.00: 'N015' [CONVERSION] = <- se mantiene 4.00 
15-7-2025 18:54:11 No se pudo convertir N023=0: 'N023' [CONVERSION] = <- se mantiene 0 
15-7-2025 18:54:11 No se pudo convertir N024=0: 'N024' [CONVERSION] = <- se mantiene 0 
15-7-2025 18:54:11 No se pudo convertir =: '' [CONVERSION] = <- se mantiene  
15-7-2025 18:54:11 No se pudo convertir =: '' [CONVERSION] = <- se mantiene  
15-7-2025 18:54:11 No se pudo convertir =: '' [CONVERSION] = <- se mantiene  
15-7-2025 18:54:11 No se pudo convertir =: '' [CONVERSION] = <- se mantiene  
15-7-2025 18:54:11 No se pudo convertir =: '' [CONVERSION] = <- se mantiene  
15-7-2025 18:54:11 No se pudo convertir =: '' [CONVERSION] = <- se mantiene  
15-7-2025 18:54:11 No se pudo convertir =: '' [CONVERSION] = <- se mantiene  
15-7-2025 18:54:11 No se pudo convertir =: '' [CONVERSION] = <- se mantiene  
15-7-2025 18:54:11 No se pudo convertir =: '' [CONVERSION] = <- se mantiene  
15-7-2025 18:54:11 No se pudo convertir N013=1.00: 'N013' [CONVERSION] = <- se mantiene 1.00 
15-7-2025 18:54:11 No se pudo convertir N014=1.00: 'N014' [CONVERSION] = <- se mantiene 1.00 
15-7-2025 18:54:11 No se pudo convertir N015=4.00: 'N015' [CONVERSION] = <- se mantiene 4.00 
15-7-2025 18:54:11 No se pudo convertir N023=0: 'N023' [CONVERSION] = <- se mantiene 0 
15-7-2025 18:54:11 No se pudo convertir N024=0: 'N024' [CONVERSION] = <- se mantiene 0 
15-7-2025 18:54:11 No se pudo convertir =: '' [CONVERSION] = <- se mantiene  
15-7-2025 18:54:11 No se pudo convertir =: '' [CONVERSION] = <- se mantiene  
15-7-2025 18:54:11 No se pudo convertir =: '' [CONVERSION] = <- se mantiene  
15-7-2025 18:54:11 No se pudo convertir =: '' [CONVERSION] = <- se mantiene  
15-7-2025 18:54:11 No se pudo convertir =: '' [CONVERSION] = <- se mantiene  
15-7-2025 18:54:11 No se pudo convertir =: '' [CONVERSION] = <- se mantiene  
15-7-2025 18:54:11 No se pudo convertir =: '' [CONVERSION] = <- se mantiene  
15-7-2025 18:54:11 No se pudo convertir =: '' [CONVERSION] = <- se mantiene  
15-7-2025 18:54:11 No se pudo convertir =: '' [CONVERSION] = <- se mantiene  
15-7-2025 18:54:11 No se pudo convertir N013=1.00: 'N013' [CONVERSION] = <- se mantiene 1.00 
15-7-2025 18:54:11 No se pudo convertir N014=1.00: 'N014' [CONVERSION] = <- se mantiene 1.00 
15-7-2025 18:54:11 No se pudo convertir N015=4.00: 'N015' [CONVERSION] = <- se mantiene 4.00 
15-7-2025 18:54:11 No se pudo convertir N023=0: 'N023' [CONVERSION] = <- se mantiene 0 
15-7-2025 18:54:11 No se pudo convertir N024=0: 'N024' [CONVERSION] = <- se mantiene 0 
15-7-2025 18:54:11 No se pudo convertir =: '' [CONVERSION] = <- se mantiene  
15-7-2025 18:54:11 No se pudo convertir =: '' [CONVERSION] = <- se mantiene  
15-7-2025 18:54:11 No se pudo convertir =: '' [CONVERSION] = <- se mantiene  
15-7-2025 18:54:11 No se pudo convertir =: '' [CONVERSION] = <- se mantiene  
15-7-2025 18:54:11 No se pudo convertir =: '' [CONVERSION] = <- se mantiene  
15-7-2025 18:54:11 No se pudo convertir =: '' [CONVERSION] = <- se mantiene  
15-7-2025 18:54:11 No se pudo convertir =: '' [CONVERSION] = <- se mantiene  
15-7-2025 18:54:11 No se pudo convertir =: '' [CONVERSION] = <- se mantiene  
15-7-2025 18:54:11 No se pudo convertir =: '' [CONVERSION] = <- se mantiene  
15-7-2025 18:54:11 No se pudo convertir N013=1.00: 'N013' [CONVERSION] = <- se mantiene 1.00 
15-7-2025 18:54:11 No se pudo convertir N014=2.00: 'N014' [CONVERSION] = <- se mantiene 2.00 
15-7-2025 18:54:11 No se pudo convertir N015=4.00: 'N015' [CONVERSION] = <- se mantiene 4.00 
15-7-2025 18:54:11 No se pudo convertir N023=0: 'N023' [CONVERSION] = <- se mantiene 0 
15-7-2025 18:54:11 No se pudo convertir N024=0: 'N024' [CONVERSION] = <- se mantiene 0 
15-7-2025 18:54:11 No se pudo convertir =: '' [CONVERSION] = <- se mantiene  
15-7-2025 18:54:11 No se pudo convertir =: '' [CONVERSION] = <- se mantiene  
15-7-2025 18:54:11 No se pudo convertir =: '' [CONVERSION] = <- se mantiene  
15-7-2025 18:54:11 No se pudo convertir =: '' [CONVERSION] = <- se mantiene  
15-7-2025 18:54:11 No se pudo convertir =: '' [CONVERSION] = <- se mantiene  
15-7-2025 18:54:11 No se pudo convertir =: '' [CONVERSION] = <- se mantiene  
15-7-2025 18:54:11 No se pudo convertir =: '' [CONVERSION] = <- se mantiene  
15-7-2025 18:54:11 No se pudo convertir =: '' [CONVERSION] = <- se mantiene  
15-7-2025 18:54:11 No se pudo convertir =: '' [CONVERSION] = <- se mantiene  
15-7-2025 18:54:11 No se pudo convertir N013=1.00: 'N013' [CONVERSION] = <- se mantiene 1.00 
15-7-2025 18:54:11 No se pudo convertir N014=2.00: 'N014' [CONVERSION] = <- se mantiene 2.00 
15-7-2025 18:54:11 No se pudo convertir N015=4.00: 'N015' [CONVERSION] = <- se mantiene 4.00 
15-7-2025 18:54:11 No se pudo convertir N023=0: 'N023' [CONVERSION] = <- se mantiene 0 
15-7-2025 18:54:11 No se pudo convertir N024=0: 'N024' [CONVERSION] = <- se mantiene 0 
15-7-2025 18:54:11 No se pudo convertir N035=: 'N035' [CONVERSION] = <- se mantiene  
15-7-2025 18:54:11 No se pudo convertir N036=: 'N036' [CONVERSION] = <- se mantiene  
15-7-2025 18:54:11 No se pudo convertir =: '' [CONVERSION] = <- se mantiene  
15-7-2025 18:54:11 No se pudo convertir =: '' [CONVERSION] = <- se mantiene  
15-7-2025 18:54:11 No se pudo convertir =: '' [CONVERSION] = <- se mantiene  
15-7-2025 18:54:11 No se pudo convertir =: '' [CONVERSION] = <- se mantiene  
15-7-2025 18:54:11 No se pudo convertir =: '' [CONVERSION] = <- se mantiene  
15-7-2025 18:54:11 No se pudo convertir =: '' [CONVERSION] = <- se mantiene  
15-7-2025 18:54:11 No se pudo convertir =: '' [CONVERSION] = <- se mantiene  
15-7-2025 18:54:11 No se pudo convertir N013=1.00: 'N013' [CONVERSION] = <- se mantiene 1.00 
15-7-2025 18:54:11 No se pudo convertir N014=2.00: 'N014' [CONVERSION] = <- se mantiene 2.00 
15-7-2025 18:54:11 No se pudo convertir N015=4.00: 'N015' [CONVERSION] = <- se mantiene 4.00 
15-7-2025 18:54:11 No se pudo convertir N023=0: 'N023' [CONVERSION] = <- se mantiene 0 
15-7-2025 18:54:11 No se pudo convertir N024=0: 'N024' [CONVERSION] = <- se mantiene 0 
15-7-2025 18:54:11 No se pudo convertir =: '' [CONVERSION] = <- se mantiene  
15-7-2025 18:54:11 No se pudo convertir =: '' [CONVERSION] = <- se mantiene  
15-7-2025 18:54:11 No se pudo convertir =: '' [CONVERSION] = <- se mantiene  
15-7-2025 18:54:11 No se pudo convertir =: '' [CONVERSION] = <- se mantiene  
15-7-2025 18:54:11 No se pudo convertir =: '' [CONVERSION] = <- se mantiene  
15-7-2025 18:54:11 No se pudo convertir =: '' [CONVERSION] = <- se mantiene  
15-7-2025 18:54:11 No se pudo convertir =: '' [CONVERSION] = <- se mantiene  
15-7-2025 18:54:11 No se pudo convertir =: '' [CONVERSION] = <- se mantiene  
15-7-2025 18:54:11 No se pudo convertir =: '' [CONVERSION] = <- se mantiene  
15-7-2025 18:54:11 No se pudo convertir N013=1.00: 'N013' [CONVERSION] = <- se mantiene 1.00 
15-7-2025 18:54:11 No se pudo convertir N014=2.00: 'N014' [CONVERSION] = <- se mantiene 2.00 
15-7-2025 18:54:11 No se pudo convertir N015=4.00: 'N015' [CONVERSION] = <- se mantiene 4.00 
15-7-2025 18:54:11 No se pudo convertir N023=0: 'N023' [CONVERSION] = <- se mantiene 0 
15-7-2025 18:54:11 No se pudo convertir N024=0: 'N024' [CONVERSION] = <- se mantiene 0 
15-7-2025 18:54:11 No se pudo convertir =: '' [CONVERSION] = <- se mantiene  
15-7-2025 18:54:11 No se pudo convertir =: '' [CONVERSION] = <- se mantiene  
15-7-2025 18:54:11 No se pudo convertir =: '' [CONVERSION] = <- se mantiene  
15-7-2025 18:54:11 No se pudo convertir =: '' [CONVERSION] = <- se mantiene  
15-7-2025 18:54:11 No se pudo convertir =: '' [CONVERSION] = <- se mantiene  
15-7-2025 18:54:11 No se pudo convertir =: '' [CONVERSION] = <- se mantiene  
15-7-2025 18:54:11 No se pudo convertir =: '' [CONVERSION] = <- se mantiene  
15-7-2025 18:54:11 No se pudo convertir =: '' [CONVERSION] = <- se mantiene  
15-7-2025 18:54:11 No se pudo convertir =: '' [CONVERSION] = <- se mantiene  
15-7-2025 18:54:11 No se pudo convertir N013=1.00: 'N013' [CONVERSION] = <- se mantiene 1.00 
15-7-2025 18:54:11 No se pudo convertir N014=2.00: 'N014' [CONVERSION] = <- se mantiene 2.00 
15-7-2025 18:54:11 No se pudo convertir N015=4.00: 'N015' [CONVERSION] = <- se mantiene 4.00 
15-7-2025 18:54:11 No se pudo convertir N023=0: 'N023' [CONVERSION] = <- se mantiene 0 
15-7-2025 18:54:11 No se pudo convertir N024=0: 'N024' [CONVERSION] = <- se mantiene 0 
15-7-2025 18:54:11 No se pudo convertir =: '' [CONVERSION] = <- se mantiene  
15-7-2025 18:54:11 No se pudo convertir =: '' [CONVERSION] = <- se mantiene  
15-7-2025 18:54:11 No se pudo convertir =: '' [CONVERSION] = <- se mantiene  
15-7-2025 18:54:11 No se pudo convertir =: '' [CONVERSION] = <- se mantiene  
15-7-2025 18:54:11 No se pudo convertir =: '' [CONVERSION] = <- se mantiene  
15-7-2025 18:54:11 No se pudo convertir =: '' [CONVERSION] = <- se mantiene  
15-7-2025 18:54:11 No se pudo convertir =: '' [CONVERSION] = <- se mantiene  
15-7-2025 18:54:11 No se pudo convertir =: '' [CONVERSION] = <- se mantiene  
15-7-2025 18:54:11 No se pudo convertir =: '' [CONVERSION] = <- se mantiene  
15-7-2025 18:54:11 No se pudo convertir N013=1.00: 'N013' [CONVERSION] = <- se mantiene 1.00 
15-7-2025 18:54:11 No se pudo convertir N014=2.00: 'N014' [CONVERSION] = <- se mantiene 2.00 
15-7-2025 18:54:11 No se pudo convertir N015=4.00: 'N015' [CONVERSION] = <- se mantiene 4.00 
15-7-2025 18:54:11 No se pudo convertir N023=0: 'N023' [CONVERSION] = <- se mantiene 0 
15-7-2025 18:54:11 No se pudo convertir N024=0: 'N024' [CONVERSION] = <- se mantiene 0 
15-7-2025 18:54:11 No se pudo convertir =: '' [CONVERSION] = <- se mantiene  
15-7-2025 18:54:11 No se pudo convertir =: '' [CONVERSION] = <- se mantiene  
15-7-2025 18:54:11 No se pudo convertir =: '' [CONVERSION] = <- se mantiene  
15-7-2025 18:54:11 No se pudo convertir =: '' [CONVERSION] = <- se mantiene  
15-7-2025 18:54:11 No se pudo convertir =: '' [CONVERSION] = <- se mantiene  
15-7-2025 18:54:11 No se pudo convertir =: '' [CONVERSION] = <- se mantiene  
15-7-2025 18:54:11 No se pudo convertir =: '' [CONVERSION] = <- se mantiene  
15-7-2025 18:54:11 No se pudo convertir =: '' [CONVERSION] = <- se mantiene  
15-7-2025 18:54:11 No se pudo convertir =: '' [CONVERSION] = <- se mantiene  
15-7-2025 18:54:11 No se pudo convertir N013=1.00: 'N013' [CONVERSION] = <- se mantiene 1.00 
15-7-2025 18:54:11 No se pudo convertir N014=2.00: 'N014' [CONVERSION] = <- se mantiene 2.00 
15-7-2025 18:54:11 No se pudo convertir N015=4.00: 'N015' [CONVERSION] = <- se mantiene 4.00 
15-7-2025 18:54:11 No se pudo convertir N023=0: 'N023' [CONVERSION] = <- se mantiene 0 
15-7-2025 18:54:11 No se pudo convertir N024=0: 'N024' [CONVERSION] = <- se mantiene 0 
15-7-2025 18:54:11 No se pudo convertir =: '' [CONVERSION] = <- se mantiene  
15-7-2025 18:54:11 No se pudo convertir =: '' [CONVERSION] = <- se mantiene  
15-7-2025 18:54:11 No se pudo convertir =: '' [CONVERSION] = <- se mantiene  
15-7-2025 18:54:11 No se pudo convertir =: '' [CONVERSION] = <- se mantiene  
15-7-2025 18:54:11 No se pudo convertir =: '' [CONVERSION] = <- se mantiene  
15-7-2025 18:54:11 No se pudo convertir =: '' [CONVERSION] = <- se mantiene  
15-7-2025 18:54:11 No se pudo convertir =: '' [CONVERSION] = <- se mantiene  
15-7-2025 18:54:11 No se pudo convertir =: '' [CONVERSION] = <- se mantiene  
15-7-2025 18:54:11 No se pudo convertir =: '' [CONVERSION] = <- se mantiene  
15-7-2025 18:54:11 No se pudo convertir N013=1.00: 'N013' [CONVERSION] = <- se mantiene 1.00 
15-7-2025 18:54:11 No se pudo convertir N014=2.00: 'N014' [CONVERSION] = <- se mantiene 2.00 
15-7-2025 18:54:11 No se pudo convertir N015=4.00: 'N015' [CONVERSION] = <- se mantiene 4.00 
15-7-2025 18:54:11 No se pudo convertir N023=0: 'N023' [CONVERSION] = <- se mantiene 0 
15-7-2025 18:54:11 No se pudo convertir N024=0: 'N024' [CONVERSION] = <- se mantiene 0 
15-7-2025 18:54:11 No se pudo convertir =: '' [CONVERSION] = <- se mantiene  
15-7-2025 18:54:11 No se pudo convertir =: '' [CONVERSION] = <- se mantiene  
15-7-2025 18:54:11 No se pudo convertir =: '' [CONVERSION] = <- se mantiene  
15-7-2025 18:54:11 No se pudo convertir =: '' [CONVERSION] = <- se mantiene  
15-7-2025 18:54:11 No se pudo convertir =: '' [CONVERSION] = <- se mantiene  
15-7-2025 18:54:11 No se pudo convertir =: '' [CONVERSION] = <- se mantiene  
15-7-2025 18:54:11 No se pudo convertir =: '' [CONVERSION] = <- se mantiene  
15-7-2025 18:54:11 No se pudo convertir =: '' [CONVERSION] = <- se mantiene  
15-7-2025 18:54:11 No se pudo convertir =: '' [CONVERSION] = <- se mantiene  
15-7-2025 18:54:11 No se pudo convertir N013=1.00: 'N013' [CONVERSION] = <- se mantiene 1.00 
15-7-2025 18:54:11 No se pudo convertir N014=2.00: 'N014' [CONVERSION] = <- se mantiene 2.00 
15-7-2025 18:54:11 No se pudo convertir N015=4.00: 'N015' [CONVERSION] = <- se mantiene 4.00 
15-7-2025 18:54:11 No se pudo convertir N023=0: 'N023' [CONVERSION] = <- se mantiene 0 
15-7-2025 18:54:11 No se pudo convertir N024=0: 'N024' [CONVERSION] = <- se mantiene 0 
15-7-2025 18:54:11 No se pudo convertir =: '' [CONVERSION] = <- se mantiene  
15-7-2025 18:54:11 No se pudo convertir =: '' [CONVERSION] = <- se mantiene  
15-7-2025 18:54:11 No se pudo convertir =: '' [CONVERSION] = <- se mantiene  
15-7-2025 18:54:11 No se pudo convertir =: '' [CONVERSION] = <- se mantiene  
15-7-2025 18:54:11 No se pudo convertir =: '' [CONVERSION] = <- se mantiene  
15-7-2025 18:54:11 No se pudo convertir =: '' [CONVERSION] = <- se mantiene  
15-7-2025 18:54:11 No se pudo convertir =: '' [CONVERSION] = <- se mantiene  
15-7-2025 18:54:11 No se pudo convertir =: '' [CONVERSION] = <- se mantiene  
15-7-2025 18:54:11 No se pudo convertir =: '' [CONVERSION] = <- se mantiene  
15-7-2025 18:54:11 No se pudo convertir N013=1.00: 'N013' [CONVERSION] = <- se mantiene 1.00 
15-7-2025 18:54:11 No se pudo convertir N014=2.00: 'N014' [CONVERSION] = <- se mantiene 2.00 
15-7-2025 18:54:11 No se pudo convertir N015=4.00: 'N015' [CONVERSION] = <- se mantiene 4.00 
15-7-2025 18:54:11 No se pudo convertir N023=0: 'N023' [CONVERSION] = <- se mantiene 0 
15-7-2025 18:54:11 No se pudo convertir N024=0: 'N024' [CONVERSION] = <- se mantiene 0 
15-7-2025 18:54:11 No se pudo convertir =: '' [CONVERSION] = <- se mantiene  
15-7-2025 18:54:11 No se pudo convertir =: '' [CONVERSION] = <- se mantiene  
15-7-2025 18:54:11 No se pudo convertir =: '' [CONVERSION] = <- se mantiene  
15-7-2025 18:54:11 No se pudo convertir =: '' [CONVERSION] = <- se mantiene  
15-7-2025 18:54:11 No se pudo convertir =: '' [CONVERSION] = <- se mantiene  
15-7-2025 18:54:11 No se pudo convertir =: '' [CONVERSION] = <- se mantiene  
15-7-2025 18:54:11 No se pudo convertir =: '' [CONVERSION] = <- se mantiene  
15-7-2025 18:54:11 No se pudo convertir =: '' [CONVERSION] = <- se mantiene  
15-7-2025 18:54:11 No se pudo convertir =: '' [CONVERSION] = <- se mantiene  
15-7-2025 18:54:11 No se pudo convertir N013=1.00: 'N013' [CONVERSION] = <- se mantiene 1.00 
15-7-2025 18:54:11 No se pudo convertir N014=2.00: 'N014' [CONVERSION] = <- se mantiene 2.00 
15-7-2025 18:54:11 No se pudo convertir N015=4.00: 'N015' [CONVERSION] = <- se mantiene 4.00 
15-7-2025 18:54:11 No se pudo convertir N023=0: 'N023' [CONVERSION] = <- se mantiene 0 
15-7-2025 18:54:11 No se pudo convertir N024=0: 'N024' [CONVERSION] = <- se mantiene 0 
15-7-2025 18:54:11 No se pudo convertir =: '' [CONVERSION] = <- se mantiene  
15-7-2025 18:54:11 No se pudo convertir =: '' [CONVERSION] = <- se mantiene  
15-7-2025 18:54:11 No se pudo convertir =: '' [CONVERSION] = <- se mantiene  
15-7-2025 18:54:11 No se pudo convertir =: '' [CONVERSION] = <- se mantiene  
15-7-2025 18:54:11 No se pudo convertir =: '' [CONVERSION] = <- se mantiene  
15-7-2025 18:54:11 No se pudo convertir =: '' [CONVERSION] = <- se mantiene  
15-7-2025 18:54:11 No se pudo convertir =: '' [CONVERSION] = <- se mantiene  
15-7-2025 18:54:11 No se pudo convertir =: '' [CONVERSION] = <- se mantiene  
15-7-2025 18:54:11 No se pudo convertir =: '' [CONVERSION] = <- se mantiene  
15-7-2025 18:54:11 No se pudo convertir N013=1.00: 'N013' [CONVERSION] = <- se mantiene 1.00 
15-7-2025 18:54:11 No se pudo convertir N014=2.00: 'N014' [CONVERSION] = <- se mantiene 2.00 
15-7-2025 18:54:11 No se pudo convertir N015=4.00: 'N015' [CONVERSION] = <- se mantiene 4.00 
15-7-2025 18:54:11 No se pudo convertir N023=0: 'N023' [CONVERSION] = <- se mantiene 0 
15-7-2025 18:54:11 No se pudo convertir N024=0: 'N024' [CONVERSION] = <- se mantiene 0 
15-7-2025 18:54:11 No se pudo convertir =: '' [CONVERSION] = <- se mantiene  
15-7-2025 18:54:11 No se pudo convertir =: '' [CONVERSION] = <- se mantiene  
15-7-2025 18:54:11 No se pudo convertir =: '' [CONVERSION] = <- se mantiene  
15-7-2025 18:54:11 No se pudo convertir =: '' [CONVERSION] = <- se mantiene  
15-7-2025 18:54:11 No se pudo convertir =: '' [CONVERSION] = <- se mantiene  
15-7-2025 18:54:11 No se pudo convertir =: '' [CONVERSION] = <- se mantiene  
15-7-2025 18:54:11 No se pudo convertir =: '' [CONVERSION] = <- se mantiene  
15-7-2025 18:54:11 No se pudo convertir =: '' [CONVERSION] = <- se mantiene  
15-7-2025 18:54:11 No se pudo convertir =: '' [CONVERSION] = <- se mantiene  
15-7-2025 18:54:11 No se pudo convertir N013=1.00: 'N013' [CONVERSION] = <- se mantiene 1.00 
15-7-2025 18:54:11 No se pudo convertir N014=2.00: 'N014' [CONVERSION] = <- se mantiene 2.00 
15-7-2025 18:54:11 No se pudo convertir N015=4.00: 'N015' [CONVERSION] = <- se mantiene 4.00 
15-7-2025 18:54:11 No se pudo convertir N023=0: 'N023' [CONVERSION] = <- se mantiene 0 
15-7-2025 18:54:11 No se pudo convertir N024=0: 'N024' [CONVERSION] = <- se mantiene 0 
15-7-2025 18:54:11 No se pudo convertir =: '' [CONVERSION] = <- se mantiene  
15-7-2025 18:54:11 No se pudo convertir =: '' [CONVERSION] = <- se mantiene  
15-7-2025 18:54:11 No se pudo convertir =: '' [CONVERSION] = <- se mantiene  
15-7-2025 18:54:11 No se pudo convertir =: '' [CONVERSION] = <- se mantiene  
15-7-2025 18:54:11 No se pudo convertir =: '' [CONVERSION] = <- se mantiene  
15-7-2025 18:54:11 No se pudo convertir =: '' [CONVERSION] = <- se mantiene  
15-7-2025 18:54:11 No se pudo convertir =: '' [CONVERSION] = <- se mantiene  
15-7-2025 18:54:11 No se pudo convertir =: '' [CONVERSION] = <- se mantiene  
15-7-2025 18:54:11 No se pudo convertir =: '' [CONVERSION] = <- se mantiene  
15-7-2025 18:54:11 No se pudo convertir N013=1.00: 'N013' [CONVERSION] = <- se mantiene 1.00 
15-7-2025 18:54:11 No se pudo convertir N014=2.00: 'N014' [CONVERSION] = <- se mantiene 2.00 
15-7-2025 18:54:11 No se pudo convertir N015=4.00: 'N015' [CONVERSION] = <- se mantiene 4.00 
15-7-2025 18:54:11 No se pudo convertir N023=0: 'N023' [CONVERSION] = <- se mantiene 0 
15-7-2025 18:54:11 No se pudo convertir N024=0: 'N024' [CONVERSION] = <- se mantiene 0 
15-7-2025 18:54:11 No se pudo convertir =: '' [CONVERSION] = <- se mantiene  
15-7-2025 18:54:11 No se pudo convertir =: '' [CONVERSION] = <- se mantiene  
15-7-2025 18:54:11 No se pudo convertir =: '' [CONVERSION] = <- se mantiene  
15-7-2025 18:54:11 No se pudo convertir =: '' [CONVERSION] = <- se mantiene  
15-7-2025 18:54:11 No se pudo convertir =: '' [CONVERSION] = <- se mantiene  
15-7-2025 18:54:11 No se pudo convertir =: '' [CONVERSION] = <- se mantiene  
15-7-2025 18:54:11 No se pudo convertir =: '' [CONVERSION] = <- se mantiene  
15-7-2025 18:54:11 No se pudo convertir =: '' [CONVERSION] = <- se mantiene  
15-7-2025 18:54:11 No se pudo convertir =: '' [CONVERSION] = <- se mantiene  
15-7-2025 18:54:11 No se pudo convertir N013=1.00: 'N013' [CONVERSION] = <- se mantiene 1.00 
15-7-2025 18:54:11 No se pudo convertir N014=2.00: 'N014' [CONVERSION] = <- se mantiene 2.00 
15-7-2025 18:54:11 No se pudo convertir N015=4.00: 'N015' [CONVERSION] = <- se mantiene 4.00 
15-7-2025 18:54:11 No se pudo convertir N023=0: 'N023' [CONVERSION] = <- se mantiene 0 
15-7-2025 18:54:11 No se pudo convertir N024=0: 'N024' [CONVERSION] = <- se mantiene 0 
15-7-2025 18:54:11 No se pudo convertir N013=1.00: 'N013' [CONVERSION] = <- se mantiene 1.00 
15-7-2025 18:54:11 No se pudo convertir N014=2.00: 'N014' [CONVERSION] = <- se mantiene 2.00 
15-7-2025 18:54:11 No se pudo convertir N015=4.00: 'N015' [CONVERSION] = <- se mantiene 4.00 
15-7-2025 18:54:11 No se pudo convertir N023=0: 'N023' [CONVERSION] = <- se mantiene 0 
15-7-2025 18:54:11 No se pudo convertir N024=0: 'N024' [CONVERSION] = <- se mantiene 0 
15-7-2025 18:54:11 No se pudo convertir N013=1.00: 'N013' [CONVERSION] = <- se mantiene 1.00 
15-7-2025 18:54:11 No se pudo convertir N014=1.00: 'N014' [CONVERSION] = <- se mantiene 1.00 
15-7-2025 18:54:11 No se pudo convertir N015=4.00: 'N015' [CONVERSION] = <- se mantiene 4.00 
15-7-2025 18:54:11 No se pudo convertir N023=0: 'N023' [CONVERSION] = <- se mantiene 0 
15-7-2025 18:54:11 No se pudo convertir N024=0: 'N024' [CONVERSION] = <- se mantiene 0 
15-7-2025 18:54:11 No se pudo convertir N013=1.00: 'N013' [CONVERSION] = <- se mantiene 1.00 
15-7-2025 18:54:11 No se pudo convertir N014=2.00: 'N014' [CONVERSION] = <- se mantiene 2.00 
15-7-2025 18:54:11 No se pudo convertir N015=4.00: 'N015' [CONVERSION] = <- se mantiene 4.00 
15-7-2025 18:54:11 No se pudo convertir N023=0: 'N023' [CONVERSION] = <- se mantiene 0 
15-7-2025 18:54:11 No se pudo convertir N024=0: 'N024' [CONVERSION] = <- se mantiene 0 
15-7-2025 18:54:11 No se pudo convertir N013=1.00: 'N013' [CONVERSION] = <- se mantiene 1.00 
15-7-2025 18:54:11 No se pudo convertir N014=2.00: 'N014' [CONVERSION] = <- se mantiene 2.00 
15-7-2025 18:54:11 No se pudo convertir N015=4.00: 'N015' [CONVERSION] = <- se mantiene 4.00 
15-7-2025 18:54:11 No se pudo convertir N023=0: 'N023' [CONVERSION] = <- se mantiene 0 
15-7-2025 18:54:11 No se pudo convertir N024=0: 'N024' [CONVERSION] = <- se mantiene 0 
15-7-2025 18:54:11 No se pudo convertir N013=1.00: 'N013' [CONVERSION] = <- se mantiene 1.00 
15-7-2025 18:54:11 No se pudo convertir N014=2.00: 'N014' [CONVERSION] = <- se mantiene 2.00 
15-7-2025 18:54:11 No se pudo convertir N015=4.00: 'N015' [CONVERSION] = <- se mantiene 4.00 
15-7-2025 18:54:11 No se pudo convertir N023=0: 'N023' [CONVERSION] = <- se mantiene 0 
15-7-2025 18:54:11 No se pudo convertir N024=0: 'N024' [CONVERSION] = <- se mantiene 0 
15-7-2025 18:54:11 No se pudo convertir N013=1.00: 'N013' [CONVERSION] = <- se mantiene 1.00 
15-7-2025 18:54:11 No se pudo convertir N014=2.00: 'N014' [CONVERSION] = <- se mantiene 2.00 
15-7-2025 18:54:11 No se pudo convertir N015=4.00: 'N015' [CONVERSION] = <- se mantiene 4.00 
15-7-2025 18:54:11 No se pudo convertir N023=0: 'N023' [CONVERSION] = <- se mantiene 0 
15-7-2025 18:54:11 No se pudo convertir N024=0: 'N024' [CONVERSION] = <- se mantiene 0 
15-7-2025 18:54:11 No se pudo convertir N013=1.00: 'N013' [CONVERSION] = <- se mantiene 1.00 
15-7-2025 18:54:11 No se pudo convertir N014=2.00: 'N014' [CONVERSION] = <- se mantiene 2.00 
15-7-2025 18:54:11 No se pudo convertir N015=4.00: 'N015' [CONVERSION] = <- se mantiene 4.00 
15-7-2025 18:54:11 No se pudo convertir N023=0: 'N023' [CONVERSION] = <- se mantiene 0 
15-7-2025 18:54:11 No se pudo convertir N024=0: 'N024' [CONVERSION] = <- se mantiene 0 
15-7-2025 18:54:11 No se pudo convertir N013=1.00: 'N013' [CONVERSION] = <- se mantiene 1.00 
15-7-2025 18:54:11 No se pudo convertir N014=2.00: 'N014' [CONVERSION] = <- se mantiene 2.00 
15-7-2025 18:54:11 No se pudo convertir N015=4.00: 'N015' [CONVERSION] = <- se mantiene 4.00 
15-7-2025 18:54:11 No se pudo convertir N023=0: 'N023' [CONVERSION] = <- se mantiene 0 
15-7-2025 18:54:11 No se pudo convertir N024=0: 'N024' [CONVERSION] = <- se mantiene 0 
15-7-2025 18:54:11 No se pudo convertir N013=1.00: 'N013' [CONVERSION] = <- se mantiene 1.00 
15-7-2025 18:54:11 No se pudo convertir N014=2.00: 'N014' [CONVERSION] = <- se mantiene 2.00 
15-7-2025 18:54:11 No se pudo convertir N015=4.00: 'N015' [CONVERSION] = <- se mantiene 4.00 
15-7-2025 18:54:11 No se pudo convertir N023=0: 'N023' [CONVERSION] = <- se mantiene 0 
15-7-2025 18:54:11 No se pudo convertir N024=0: 'N024' [CONVERSION] = <- se mantiene 0 
15-7-2025 18:54:11 No se pudo convertir =: '' [CONVERSION] = <- se mantiene  
15-7-2025 18:54:11 No se pudo convertir =: '' [CONVERSION] = <- se mantiene  
15-7-2025 18:54:11 No se pudo convertir =: '' [CONVERSION] = <- se mantiene  
15-7-2025 18:54:11 No se pudo convertir =: '' [CONVERSION] = <- se mantiene  
15-7-2025 18:54:11 No se pudo convertir =: '' [CONVERSION] = <- se mantiene  
15-7-2025 18:54:11 No se pudo convertir =: '' [CONVERSION] = <- se mantiene  
15-7-2025 18:54:11 No se pudo convertir =: '' [CONVERSION] = <- se mantiene  
15-7-2025 18:54:11 No se pudo convertir =: '' [CONVERSION] = <- se mantiene  
15-7-2025 18:54:11 No se pudo convertir =: '' [CONVERSION] = <- se mantiene  
15-7-2025 18:54:11 No se pudo convertir N013=1.00: 'N013' [CONVERSION] = <- se mantiene 1.00 
15-7-2025 18:54:11 No se pudo convertir N014=1.00: 'N014' [CONVERSION] = <- se mantiene 1.00 
15-7-2025 18:54:11 No se pudo convertir N015=4.00: 'N015' [CONVERSION] = <- se mantiene 4.00 
15-7-2025 18:54:11 No se pudo convertir N023=0: 'N023' [CONVERSION] = <- se mantiene 0 
15-7-2025 18:54:11 No se pudo convertir N024=0: 'N024' [CONVERSION] = <- se mantiene 0 
15-7-2025 18:54:11 No se pudo convertir =: '' [CONVERSION] = <- se mantiene  
15-7-2025 18:54:11 No se pudo convertir =: '' [CONVERSION] = <- se mantiene  
15-7-2025 18:54:11 No se pudo convertir =: '' [CONVERSION] = <- se mantiene  
15-7-2025 18:54:11 No se pudo convertir =: '' [CONVERSION] = <- se mantiene  
15-7-2025 18:54:11 No se pudo convertir =: '' [CONVERSION] = <- se mantiene  
15-7-2025 18:54:11 No se pudo convertir N013=1.00: 'N013' [CONVERSION] = <- se mantiene 1.00 
15-7-2025 18:54:11 No se pudo convertir N014=1.00: 'N014' [CONVERSION] = <- se mantiene 1.00 
15-7-2025 18:54:11 No se pudo convertir N015=4.00: 'N015' [CONVERSION] = <- se mantiene 4.00 
15-7-2025 18:54:11 No se pudo convertir N023=0: 'N023' [CONVERSION] = <- se mantiene 0 
15-7-2025 18:54:11 No se pudo convertir N024=0: 'N024' [CONVERSION] = <- se mantiene 0 
15-7-2025 18:54:11 No se pudo convertir N035=: 'N035' [CONVERSION] = <- se mantiene  
15-7-2025 18:54:11 No se pudo convertir N036=: 'N036' [CONVERSION] = <- se mantiene  
15-7-2025 18:54:11 No se pudo convertir =: '' [CONVERSION] = <- se mantiene  
15-7-2025 18:54:11 No se pudo convertir =: '' [CONVERSION] = <- se mantiene  
15-7-2025 18:54:11 No se pudo convertir =: '' [CONVERSION] = <- se mantiene  
15-7-2025 18:54:11 No se pudo convertir =: '' [CONVERSION] = <- se mantiene  
15-7-2025 18:54:11 No se pudo convertir =: '' [CONVERSION] = <- se mantiene  
15-7-2025 18:54:11 No se pudo convertir =: '' [CONVERSION] = <- se mantiene  
15-7-2025 18:54:11 No se pudo convertir =: '' [CONVERSION] = <- se mantiene  
15-7-2025 18:54:12 No se pudo convertir N013=1.00: 'N013' [CONVERSION] = <- se mantiene 1.00 
15-7-2025 18:54:12 No se pudo convertir N014=1.00: 'N014' [CONVERSION] = <- se mantiene 1.00 
15-7-2025 18:54:12 No se pudo convertir N015=4.00: 'N015' [CONVERSION] = <- se mantiene 4.00 
15-7-2025 18:54:12 No se pudo convertir N023=0: 'N023' [CONVERSION] = <- se mantiene 0 
15-7-2025 18:54:12 No se pudo convertir N024=0: 'N024' [CONVERSION] = <- se mantiene 0 
15-7-2025 18:54:12 No se pudo convertir =: '' [CONVERSION] = <- se mantiene  
15-7-2025 18:54:12 No se pudo convertir =: '' [CONVERSION] = <- se mantiene  
15-7-2025 18:54:12 No se pudo convertir =: '' [CONVERSION] = <- se mantiene  
15-7-2025 18:54:12 No se pudo convertir =: '' [CONVERSION] = <- se mantiene  
15-7-2025 18:54:12 No se pudo convertir =: '' [CONVERSION] = <- se mantiene  
15-7-2025 18:54:12 No se pudo convertir =: '' [CONVERSION] = <- se mantiene  
15-7-2025 18:54:12 No se pudo convertir =: '' [CONVERSION] = <- se mantiene  
15-7-2025 18:54:12 No se pudo convertir =: '' [CONVERSION] = <- se mantiene  
15-7-2025 18:54:12 No se pudo convertir =: '' [CONVERSION] = <- se mantiene  
15-7-2025 18:54:12 No se pudo convertir N013=1.00: 'N013' [CONVERSION] = <- se mantiene 1.00 
15-7-2025 18:54:12 No se pudo convertir N014=1.00: 'N014' [CONVERSION] = <- se mantiene 1.00 
15-7-2025 18:54:12 No se pudo convertir N015=4.00: 'N015' [CONVERSION] = <- se mantiene 4.00 
15-7-2025 18:54:12 No se pudo convertir N023=0: 'N023' [CONVERSION] = <- se mantiene 0 
15-7-2025 18:54:12 No se pudo convertir N024=0: 'N024' [CONVERSION] = <- se mantiene 0 
15-7-2025 18:54:12 No se pudo convertir N035=: 'N035' [CONVERSION] = <- se mantiene  
15-7-2025 18:54:12 No se pudo convertir N036=: 'N036' [CONVERSION] = <- se mantiene  
15-7-2025 18:54:12 No se pudo convertir =: '' [CONVERSION] = <- se mantiene  
15-7-2025 18:54:12 No se pudo convertir =: '' [CONVERSION] = <- se mantiene  
15-7-2025 18:54:12 No se pudo convertir =: '' [CONVERSION] = <- se mantiene  
15-7-2025 18:54:12 No se pudo convertir =: '' [CONVERSION] = <- se mantiene  
15-7-2025 18:54:12 No se pudo convertir =: '' [CONVERSION] = <- se mantiene  
15-7-2025 18:54:12 No se pudo convertir =: '' [CONVERSION] = <- se mantiene  
15-7-2025 18:54:12 No se pudo convertir =: '' [CONVERSION] = <- se mantiene  
15-7-2025 18:54:12 No se pudo convertir N013=1.00: 'N013' [CONVERSION] = <- se mantiene 1.00 
15-7-2025 18:54:12 No se pudo convertir N014=2.00: 'N014' [CONVERSION] = <- se mantiene 2.00 
15-7-2025 18:54:12 No se pudo convertir N015=4.00: 'N015' [CONVERSION] = <- se mantiene 4.00 
15-7-2025 18:54:12 No se pudo convertir N023=0: 'N023' [CONVERSION] = <- se mantiene 0 
15-7-2025 18:54:12 No se pudo convertir N024=0: 'N024' [CONVERSION] = <- se mantiene 0 
15-7-2025 18:54:12 No se pudo convertir =: '' [CONVERSION] = <- se mantiene  
15-7-2025 18:54:12 No se pudo convertir =: '' [CONVERSION] = <- se mantiene  
15-7-2025 18:54:12 No se pudo convertir =: '' [CONVERSION] = <- se mantiene  
15-7-2025 18:54:12 No se pudo convertir =: '' [CONVERSION] = <- se mantiene  
15-7-2025 18:54:12 No se pudo convertir =: '' [CONVERSION] = <- se mantiene  
15-7-2025 18:54:12 No se pudo convertir =: '' [CONVERSION] = <- se mantiene  
15-7-2025 18:54:12 No se pudo convertir =: '' [CONVERSION] = <- se mantiene  
15-7-2025 18:54:12 No se pudo convertir =: '' [CONVERSION] = <- se mantiene  
15-7-2025 18:54:12 No se pudo convertir =: '' [CONVERSION] = <- se mantiene  
15-7-2025 18:54:12 No se pudo convertir N013=1.00: 'N013' [CONVERSION] = <- se mantiene 1.00 
15-7-2025 18:54:12 No se pudo convertir N014=2.00: 'N014' [CONVERSION] = <- se mantiene 2.00 
15-7-2025 18:54:12 No se pudo convertir N015=4.00: 'N015' [CONVERSION] = <- se mantiene 4.00 
15-7-2025 18:54:12 No se pudo convertir N023=0: 'N023' [CONVERSION] = <- se mantiene 0 
15-7-2025 18:54:12 No se pudo convertir N024=0: 'N024' [CONVERSION] = <- se mantiene 0 
15-7-2025 18:54:12 No se pudo convertir =: '' [CONVERSION] = <- se mantiene  
15-7-2025 18:54:12 No se pudo convertir =: '' [CONVERSION] = <- se mantiene  
15-7-2025 18:54:12 No se pudo convertir =: '' [CONVERSION] = <- se mantiene  
15-7-2025 18:54:12 No se pudo convertir =: '' [CONVERSION] = <- se mantiene  
15-7-2025 18:54:12 No se pudo convertir =: '' [CONVERSION] = <- se mantiene  
15-7-2025 18:54:12 No se pudo convertir =: '' [CONVERSION] = <- se mantiene  
15-7-2025 18:54:12 No se pudo convertir =: '' [CONVERSION] = <- se mantiene  
15-7-2025 18:54:12 No se pudo convertir =: '' [CONVERSION] = <- se mantiene  
15-7-2025 18:54:12 No se pudo convertir =: '' [CONVERSION] = <- se mantiene  
15-7-2025 18:54:12 No se pudo convertir N013=1.00: 'N013' [CONVERSION] = <- se mantiene 1.00 
15-7-2025 18:54:12 No se pudo convertir N014=2.00: 'N014' [CONVERSION] = <- se mantiene 2.00 
15-7-2025 18:54:12 No se pudo convertir N015=4.00: 'N015' [CONVERSION] = <- se mantiene 4.00 
15-7-2025 18:54:12 No se pudo convertir N023=0: 'N023' [CONVERSION] = <- se mantiene 0 
15-7-2025 18:54:12 No se pudo convertir N024=0: 'N024' [CONVERSION] = <- se mantiene 0 
15-7-2025 18:54:12 No se pudo convertir =: '' [CONVERSION] = <- se mantiene  
15-7-2025 18:54:12 No se pudo convertir =: '' [CONVERSION] = <- se mantiene  
15-7-2025 18:54:12 No se pudo convertir =: '' [CONVERSION] = <- se mantiene  
15-7-2025 18:54:12 No se pudo convertir N013=1.00: 'N013' [CONVERSION] = <- se mantiene 1.00 
15-7-2025 18:54:12 No se pudo convertir N014=2.00: 'N014' [CONVERSION] = <- se mantiene 2.00 
15-7-2025 18:54:12 No se pudo convertir N015=4.00: 'N015' [CONVERSION] = <- se mantiene 4.00 
15-7-2025 18:54:12 No se pudo convertir N023=0: 'N023' [CONVERSION] = <- se mantiene 0 
15-7-2025 18:54:12 No se pudo convertir N024=0: 'N024' [CONVERSION] = <- se mantiene 0 
15-7-2025 18:54:12 No se pudo convertir N035=: 'N035' [CONVERSION] = <- se mantiene  
15-7-2025 18:54:12 No se pudo convertir N036=: 'N036' [CONVERSION] = <- se mantiene  
15-7-2025 18:54:12 No se pudo convertir =: '' [CONVERSION] = <- se mantiene  
15-7-2025 18:54:12 No se pudo convertir =: '' [CONVERSION] = <- se mantiene  
15-7-2025 18:54:12 No se pudo convertir =: '' [CONVERSION] = <- se mantiene  
15-7-2025 18:54:12 No se pudo convertir =: '' [CONVERSION] = <- se mantiene  
15-7-2025 18:54:12 No se pudo convertir =: '' [CONVERSION] = <- se mantiene  
15-7-2025 18:54:12 No se pudo convertir =: '' [CONVERSION] = <- se mantiene  
15-7-2025 18:54:12 No se pudo convertir N013=1.00: 'N013' [CONVERSION] = <- se mantiene 1.00 
15-7-2025 18:54:12 No se pudo convertir N014=2.00: 'N014' [CONVERSION] = <- se mantiene 2.00 
15-7-2025 18:54:12 No se pudo convertir N015=4.00: 'N015' [CONVERSION] = <- se mantiene 4.00 
15-7-2025 18:54:12 No se pudo convertir N023=0: 'N023' [CONVERSION] = <- se mantiene 0 
15-7-2025 18:54:12 No se pudo convertir N024=0: 'N024' [CONVERSION] = <- se mantiene 0 
15-7-2025 18:54:12 No se pudo convertir N035=: 'N035' [CONVERSION] = <- se mantiene  
15-7-2025 18:54:12 No se pudo convertir N036=: 'N036' [CONVERSION] = <- se mantiene  
15-7-2025 18:54:12 No se pudo convertir =: '' [CONVERSION] = <- se mantiene  
15-7-2025 18:54:12 No se pudo convertir =: '' [CONVERSION] = <- se mantiene  
15-7-2025 18:54:12 No se pudo convertir =: '' [CONVERSION] = <- se mantiene  
15-7-2025 18:54:12 No se pudo convertir =: '' [CONVERSION] = <- se mantiene  
15-7-2025 18:54:12 No se pudo convertir =: '' [CONVERSION] = <- se mantiene  
15-7-2025 18:54:12 No se pudo convertir =: '' [CONVERSION] = <- se mantiene  
15-7-2025 18:54:12 No se pudo convertir =: '' [CONVERSION] = <- se mantiene  
15-7-2025 18:54:12 No se pudo convertir N013=1.00: 'N013' [CONVERSION] = <- se mantiene 1.00 
15-7-2025 18:54:12 No se pudo convertir N014=2.00: 'N014' [CONVERSION] = <- se mantiene 2.00 
15-7-2025 18:54:12 No se pudo convertir N015=4.00: 'N015' [CONVERSION] = <- se mantiene 4.00 
15-7-2025 18:54:12 No se pudo convertir N023=0: 'N023' [CONVERSION] = <- se mantiene 0 
15-7-2025 18:54:12 No se pudo convertir N024=0: 'N024' [CONVERSION] = <- se mantiene 0 
15-7-2025 18:54:12 No se pudo convertir =: '' [CONVERSION] = <- se mantiene  
15-7-2025 18:54:12 No se pudo convertir =: '' [CONVERSION] = <- se mantiene  
15-7-2025 18:54:12 No se pudo convertir =: '' [CONVERSION] = <- se mantiene  
15-7-2025 18:54:12 No se pudo convertir =: '' [CONVERSION] = <- se mantiene  
15-7-2025 18:54:12 No se pudo convertir =: '' [CONVERSION] = <- se mantiene  
15-7-2025 18:54:12 No se pudo convertir N013=1.00: 'N013' [CONVERSION] = <- se mantiene 1.00 
15-7-2025 18:54:12 No se pudo convertir N014=2.00: 'N014' [CONVERSION] = <- se mantiene 2.00 
15-7-2025 18:54:12 No se pudo convertir N015=4.00: 'N015' [CONVERSION] = <- se mantiene 4.00 
15-7-2025 18:54:12 No se pudo convertir N023=0: 'N023' [CONVERSION] = <- se mantiene 0 
15-7-2025 18:54:12 No se pudo convertir N024=0: 'N024' [CONVERSION] = <- se mantiene 0 
15-7-2025 18:54:12 No se pudo convertir N035=: 'N035' [CONVERSION] = <- se mantiene  
15-7-2025 18:54:12 No se pudo convertir N036=: 'N036' [CONVERSION] = <- se mantiene  
15-7-2025 18:54:12 No se pudo convertir =: '' [CONVERSION] = <- se mantiene  
15-7-2025 18:54:12 No se pudo convertir =: '' [CONVERSION] = <- se mantiene  
15-7-2025 18:54:12 No se pudo convertir =: '' [CONVERSION] = <- se mantiene  
15-7-2025 18:54:12 No se pudo convertir =: '' [CONVERSION] = <- se mantiene  
15-7-2025 18:54:12 No se pudo convertir =: '' [CONVERSION] = <- se mantiene  
15-7-2025 18:54:12 No se pudo convertir =: '' [CONVERSION] = <- se mantiene  
15-7-2025 18:54:12 No se pudo convertir =: '' [CONVERSION] = <- se mantiene  
15-7-2025 18:54:12 No se pudo convertir N013=1.00: 'N013' [CONVERSION] = <- se mantiene 1.00 
15-7-2025 18:54:12 No se pudo convertir N014=2.00: 'N014' [CONVERSION] = <- se mantiene 2.00 
15-7-2025 18:54:12 No se pudo convertir N015=4.00: 'N015' [CONVERSION] = <- se mantiene 4.00 
15-7-2025 18:54:12 No se pudo convertir N023=0: 'N023' [CONVERSION] = <- se mantiene 0 
15-7-2025 18:54:12 No se pudo convertir N024=0: 'N024' [CONVERSION] = <- se mantiene 0 
15-7-2025 18:54:12 No se pudo convertir N035=: 'N035' [CONVERSION] = <- se mantiene  
15-7-2025 18:54:12 No se pudo convertir N036=: 'N036' [CONVERSION] = <- se mantiene  
15-7-2025 18:54:12 No se pudo convertir =: '' [CONVERSION] = <- se mantiene  
15-7-2025 18:54:12 No se pudo convertir =: '' [CONVERSION] = <- se mantiene  
15-7-2025 18:54:12 No se pudo convertir =: '' [CONVERSION] = <- se mantiene  
15-7-2025 18:54:12 No se pudo convertir =: '' [CONVERSION] = <- se mantiene  
15-7-2025 18:54:12 No se pudo convertir =: '' [CONVERSION] = <- se mantiene  
15-7-2025 18:54:12 No se pudo convertir =: '' [CONVERSION] = <- se mantiene  
15-7-2025 18:54:12 No se pudo convertir =: '' [CONVERSION] = <- se mantiene  
15-7-2025 18:54:12 No se pudo convertir N013=1.00: 'N013' [CONVERSION] = <- se mantiene 1.00 
15-7-2025 18:54:12 No se pudo convertir N014=2.00: 'N014' [CONVERSION] = <- se mantiene 2.00 
15-7-2025 18:54:12 No se pudo convertir N015=4.00: 'N015' [CONVERSION] = <- se mantiene 4.00 
15-7-2025 18:54:12 No se pudo convertir N023=0: 'N023' [CONVERSION] = <- se mantiene 0 
15-7-2025 18:54:12 No se pudo convertir N024=0: 'N024' [CONVERSION] = <- se mantiene 0 
15-7-2025 18:54:12 No se pudo convertir =: '' [CONVERSION] = <- se mantiene  
15-7-2025 18:54:12 No se pudo convertir =: '' [CONVERSION] = <- se mantiene  
15-7-2025 18:54:12 No se pudo convertir =: '' [CONVERSION] = <- se mantiene  
15-7-2025 18:54:12 No se pudo convertir =: '' [CONVERSION] = <- se mantiene  
15-7-2025 18:54:12 No se pudo convertir =: '' [CONVERSION] = <- se mantiene  
