28-3-2025 17:22:26 --> [LCSV-0001] = Se ha producido un error de excepción
[Errno 2] No such file or directory: 'ACERO_S235JR_2.0_O2_1.20_2KW_' 'ACERO_S235JR_2.0_O2_1.20_2KW_'
28-3-2025 17:23:10 --> [LCSV-0001] = Se ha producido un error de excepción
[Errno 2] No such file or directory: 'ACERO_S235JR_2.0_O2_1.20_2KW_' 'ACERO_S235JR_2.0_O2_1.20_2KW_'
28-3-2025 17:23:10 --> [LCSV-0001] = Se ha producido un error de excepción
[Errno 2] No such file or directory: 'ACERO_S235JR_3.0_O2_1.20_2KW_' 'ACERO_S235JR_3.0_O2_1.20_2KW_'
28-3-2025 17:23:10 --> [LCSV-0001] = Se ha producido un error de excepción
[Errno 2] No such file or directory: 'ACERO_S275JR_4.0_O2_1.20_2KW_' 'ACERO_S275JR_4.0_O2_1.20_2KW_'
28-3-2025 17:23:10 --> [LCSV-0001] = Se ha producido un error de excepción
[Errno 2] No such file or directory: 'ACERO_S275JR_5.0_O2_1.20_2KW_' 'ACERO_S275JR_5.0_O2_1.20_2KW_'
28-3-2025 17:23:10 --> [LCSV-0001] = Se ha producido un error de excepción
[Errno 2] No such file or directory: 'ACERO_S275JR_6.0_O2_1.20_2KW_' 'ACERO_S275JR_6.0_O2_1.20_2KW_'
28-3-2025 17:23:10 --> [LCSV-0001] = Se ha producido un error de excepción
[Errno 2] No such file or directory: 'ACERO_S275JR_8.0_O2_1.50_2KW_' 'ACERO_S275JR_8.0_O2_1.50_2KW_'
28-3-2025 17:23:10 --> [LCSV-0001] = Se ha producido un error de excepción
[Errno 2] No such file or directory: 'ACERO_S355J2_10.0_O2_1.50_2KW_' 'ACERO_S355J2_10.0_O2_1.50_2KW_'
28-3-2025 17:23:10 --> [LCSV-0001] = Se ha producido un error de excepción
[Errno 2] No such file or directory: 'ACERO_S355J2_12.0_O2_2.00_2KW_' 'ACERO_S355J2_12.0_O2_2.00_2KW_'
28-3-2025 17:23:10 --> [LCSV-0001] = Se ha producido un error de excepción
[Errno 2] No such file or directory: 'ACERO_S355J2_15.0_O2_2.50_2KW_' 'ACERO_S355J2_15.0_O2_2.50_2KW_'
28-3-2025 17:23:10 --> [LCSV-0001] = Se ha producido un error de excepción
[Errno 2] No such file or directory: 'ACERO INOXIDABLE_A-304_1.0_N2_1.50_2KW_' 'ACERO INOXIDABLE_A-304_1.0_N2_1.50_2KW_'
28-3-2025 17:23:10 --> [LCSV-0001] = Se ha producido un error de excepción
[Errno 2] No such file or directory: 'ACERO INOXIDABLE_A-304_1.2_N2_2.00_2KW_' 'ACERO INOXIDABLE_A-304_1.2_N2_2.00_2KW_'
28-3-2025 17:23:10 --> [LCSV-0001] = Se ha producido un error de excepción
[Errno 2] No such file or directory: 'ACERO INOXIDABLE_A-304_1.5_N2_2.00_2KW_' 'ACERO INOXIDABLE_A-304_1.5_N2_2.00_2KW_'
28-3-2025 17:23:10 --> [LCSV-0001] = Se ha producido un error de excepción
[Errno 2] No such file or directory: 'ACERO INOXIDABLE_A-304_2.0_N2_2.50_2KW_' 'ACERO INOXIDABLE_A-304_2.0_N2_2.50_2KW_'
28-3-2025 17:23:10 --> [LCSV-0001] = Se ha producido un error de excepción
[Errno 2] No such file or directory: 'ACERO INOXIDABLE_A-304_3.0_N2_2.50_2KW_' 'ACERO INOXIDABLE_A-304_3.0_N2_2.50_2KW_'
28-3-2025 17:23:10 --> [LCSV-0001] = Se ha producido un error de excepción
[Errno 2] No such file or directory: 'ACERO INOXIDABLE_A-304_4.0_N2_2.50_2KW_' 'ACERO INOXIDABLE_A-304_4.0_N2_2.50_2KW_'
28-3-2025 17:23:10 --> [LCSV-0001] = Se ha producido un error de excepción
[Errno 2] No such file or directory: 'ACERO INOXIDABLE_A-304_5.0_N2_2.50_2KW_' 'ACERO INOXIDABLE_A-304_5.0_N2_2.50_2KW_'
28-3-2025 17:23:10 --> [LCSV-0001] = Se ha producido un error de excepción
[Errno 2] No such file or directory: 'ACERO INOXIDABLE_A-304_6.0_N2_2.50_2KW_' 'ACERO INOXIDABLE_A-304_6.0_N2_2.50_2KW_'
28-3-2025 17:23:10 --> [LCSV-0001] = Se ha producido un error de excepción
[Errno 2] No such file or directory: 'ACERO INOXIDABLE_A-304_8.0_N2_2.50_2KW_' 'ACERO INOXIDABLE_A-304_8.0_N2_2.50_2KW_'
28-3-2025 17:23:10 --> [LCSV-0001] = Se ha producido un error de excepción
[Errno 2] No such file or directory: 'ACERO_S235JR_1.0_N2_2.00_2KW_' 'ACERO_S235JR_1.0_N2_2.00_2KW_'
28-3-2025 17:23:10 --> [LCSV-0001] = Se ha producido un error de excepción
[Errno 2] No such file or directory: 'ACERO_S235JR_1.2_N2_2.00_2KW_' 'ACERO_S235JR_1.2_N2_2.00_2KW_'
28-3-2025 17:23:10 --> [LCSV-0001] = Se ha producido un error de excepción
[Errno 2] No such file or directory: 'ACERO_S235JR_1.5_N2_2.00_2KW_' 'ACERO_S235JR_1.5_N2_2.00_2KW_'
28-3-2025 17:23:10 --> [LCSV-0001] = Se ha producido un error de excepción
[Errno 2] No such file or directory: 'ACERO_S235JR_2.0_N2_2.00_2KW_' 'ACERO_S235JR_2.0_N2_2.00_2KW_'
28-3-2025 17:23:10 --> [LCSV-0001] = Se ha producido un error de excepción
[Errno 2] No such file or directory: 'ACERO_S235JR_3.0_N2_2.00_2KW_' 'ACERO_S235JR_3.0_N2_2.00_2KW_'
28-3-2025 17:23:10 --> [LCSV-0001] = Se ha producido un error de excepción
[Errno 2] No such file or directory: 'ACERO_S275JR_4.0_N2_2.00_2KW_' 'ACERO_S275JR_4.0_N2_2.00_2KW_'
28-3-2025 17:23:10 --> [LCSV-0001] = Se ha producido un error de excepción
[Errno 2] No such file or directory: 'ALUMINIO_AL-5754_1.0_N2_1.50_2KW_' 'ALUMINIO_AL-5754_1.0_N2_1.50_2KW_'
28-3-2025 17:23:10 --> [LCSV-0001] = Se ha producido un error de excepción
[Errno 2] No such file or directory: 'ALUMINIO_AL-5754_1.5_N2_1.50_2KW_' 'ALUMINIO_AL-5754_1.5_N2_1.50_2KW_'
28-3-2025 17:23:10 --> [LCSV-0001] = Se ha producido un error de excepción
[Errno 2] No such file or directory: 'ALUMINIO_AL-5754_2.0_N2_1.50_2KW_' 'ALUMINIO_AL-5754_2.0_N2_1.50_2KW_'
28-3-2025 17:23:10 --> [LCSV-0001] = Se ha producido un error de excepción
[Errno 2] No such file or directory: 'ALUMINIO_AL-5754_3.0_N2_3.00_2KW_' 'ALUMINIO_AL-5754_3.0_N2_3.00_2KW_'
28-3-2025 17:23:10 --> [LCSV-0001] = Se ha producido un error de excepción
[Errno 2] No such file or directory: 'ALUMINIO_AL-5754_4.0_N2_2.50_2KW_' 'ALUMINIO_AL-5754_4.0_N2_2.50_2KW_'
28-3-2025 17:23:10 --> [LCSV-0001] = Se ha producido un error de excepción
[Errno 2] No such file or directory: 'ALUMINIO_AL-5754_5.0_N2_2.50_2KW_' 'ALUMINIO_AL-5754_5.0_N2_2.50_2KW_'
28-3-2025 17:23:10 --> [LCSV-0001] = Se ha producido un error de excepción
[Errno 2] No such file or directory: 'ALUMINIO_AL-5754_1.0_AIR_1.50_2KW_' 'ALUMINIO_AL-5754_1.0_AIR_1.50_2KW_'
28-3-2025 17:23:10 --> [LCSV-0001] = Se ha producido un error de excepción
[Errno 2] No such file or directory: 'ALUMINIO_AL-5754_1.5_AIR_1.50_2KW_' 'ALUMINIO_AL-5754_1.5_AIR_1.50_2KW_'
28-3-2025 17:23:10 --> [LCSV-0001] = Se ha producido un error de excepción
[Errno 2] No such file or directory: 'ALUMINIO_AL-5754_2.0_AIR_1.50_2KW_' 'ALUMINIO_AL-5754_2.0_AIR_1.50_2KW_'
28-3-2025 17:23:10 --> [LCSV-0001] = Se ha producido un error de excepción
[Errno 2] No such file or directory: 'ALUMINIO_AL-5754_3.0_AIR_2.50_2KW_' 'ALUMINIO_AL-5754_3.0_AIR_2.50_2KW_'
28-3-2025 17:23:10 --> [LCSV-0001] = Se ha producido un error de excepción
[Errno 2] No such file or directory: 'ALUMINIO_AL-5754_4.0_AIR_2.00_2KW_' 'ALUMINIO_AL-5754_4.0_AIR_2.00_2KW_'
28-3-2025 17:23:10 --> [LCSV-0001] = Se ha producido un error de excepción
[Errno 2] No such file or directory: 'COBRE_OF-CU_0.6_O2_2.00_2KW_' 'COBRE_OF-CU_0.6_O2_2.00_2KW_'
28-3-2025 17:23:10 --> [LCSV-0001] = Se ha producido un error de excepción
[Errno 2] No such file or directory: 'COBRE_OF-CU_0.8_O2_2.00_2KW_' 'COBRE_OF-CU_0.8_O2_2.00_2KW_'
28-3-2025 17:23:10 --> [LCSV-0001] = Se ha producido un error de excepción
[Errno 2] No such file or directory: 'COBRE_OF-CU_1.0_O2_1.50_2KW_' 'COBRE_OF-CU_1.0_O2_1.50_2KW_'
28-3-2025 17:23:10 --> [LCSV-0001] = Se ha producido un error de excepción
[Errno 2] No such file or directory: 'COBRE_OF-CU_1.5_O2_1.50_2KW_' 'COBRE_OF-CU_1.5_O2_1.50_2KW_'
28-3-2025 17:23:10 --> [LCSV-0001] = Se ha producido un error de excepción
[Errno 2] No such file or directory: 'COBRE_OF-CU_3.0_O2_2.00_2KW_' 'COBRE_OF-CU_3.0_O2_2.00_2KW_'
28-3-2025 17:23:10 --> [LCSV-0001] = Se ha producido un error de excepción
[Errno 2] No such file or directory: 'GALVANIZADO_ST37ZINC_1.0_AIR_2.00_2KW_' 'GALVANIZADO_ST37ZINC_1.0_AIR_2.00_2KW_'
28-3-2025 17:23:10 --> [LCSV-0001] = Se ha producido un error de excepción
[Errno 2] No such file or directory: 'GALVANIZADO_ST37ZINC_1.0_N2_2.00_2KW_' 'GALVANIZADO_ST37ZINC_1.0_N2_2.00_2KW_'
28-3-2025 17:23:10 --> [LCSV-0001] = Se ha producido un error de excepción
[Errno 2] No such file or directory: 'GALVANIZADO_ST37ZINC_2.0_AIR_2.00_2KW_' 'GALVANIZADO_ST37ZINC_2.0_AIR_2.00_2KW_'
28-3-2025 17:23:10 --> [LCSV-0001] = Se ha producido un error de excepción
[Errno 2] No such file or directory: 'GALVANIZADO_ST37ZINC_2.0_N2_2.00_2KW_' 'GALVANIZADO_ST37ZINC_2.0_N2_2.00_2KW_'
28-3-2025 17:23:10 --> [LCSV-0001] = Se ha producido un error de excepción
[Errno 2] No such file or directory: 'GALVANIZADO_ST37ZINC_3.0_N2_2.00_2KW_' 'GALVANIZADO_ST37ZINC_3.0_N2_2.00_2KW_'
28-3-2025 17:23:10 --> [LCSV-0001] = Se ha producido un error de excepción
[Errno 2] No such file or directory: 'LATON_CUZN37_1.5_N2_1.50_2KW_' 'LATON_CUZN37_1.5_N2_1.50_2KW_'
28-3-2025 17:23:10 --> [LCSV-0001] = Se ha producido un error de excepción
[Errno 2] No such file or directory: 'LATON_CUZN37_3.0_N2_2.50_2KW_' 'LATON_CUZN37_3.0_N2_2.50_2KW_'
28-3-2025 17:23:10 --> [LCSV-0001] = Se ha producido un error de excepción
[Errno 2] No such file or directory: 'ALUMINIUM_1.0_N2_1.50_2KW_' 'ALUMINIUM_1.0_N2_1.50_2KW_'
28-3-2025 17:23:10 --> [LCSV-0001] = Se ha producido un error de excepción
[Errno 2] No such file or directory: 'ALUMINIUM_1.5_N2_1.50_2KW_' 'ALUMINIUM_1.5_N2_1.50_2KW_'
28-3-2025 17:23:10 --> [LCSV-0001] = Se ha producido un error de excepción
[Errno 2] No such file or directory: 'ALUMINIUM_2.0_N2_1.50_2KW_' 'ALUMINIUM_2.0_N2_1.50_2KW_'
28-3-2025 17:23:10 --> [LCSV-0001] = Se ha producido un error de excepción
[Errno 2] No such file or directory: 'ALUMINIUM_3.0_N2_3.00_2KW_' 'ALUMINIUM_3.0_N2_3.00_2KW_'
28-3-2025 17:23:10 --> [LCSV-0001] = Se ha producido un error de excepción
[Errno 2] No such file or directory: 'ALUMINIUM_4.0_N2_2.50_2KW_' 'ALUMINIUM_4.0_N2_2.50_2KW_'
28-3-2025 17:23:10 --> [LCSV-0001] = Se ha producido un error de excepción
[Errno 2] No such file or directory: 'ALUMINIUM_5.0_N2_2.50_2KW_' 'ALUMINIUM_5.0_N2_2.50_2KW_'
28-3-2025 17:23:10 --> [LCSV-0001] = Se ha producido un error de excepción
[Errno 2] No such file or directory: 'ALUMINIUM ANODIZED_1.0_AIR_1.50_2KW_' 'ALUMINIUM ANODIZED_1.0_AIR_1.50_2KW_'
28-3-2025 17:23:10 --> [LCSV-0001] = Se ha producido un error de excepción
[Errno 2] No such file or directory: 'ALUMINIUM ANODIZED_2.0_AIR_2.00_2KW_' 'ALUMINIUM ANODIZED_2.0_AIR_2.00_2KW_'
28-3-2025 17:23:10 --> [LCSV-0001] = Se ha producido un error de excepción
[Errno 2] No such file or directory: 'ALUMINIUM_1.0_AIR_1.50_2KW_' 'ALUMINIUM_1.0_AIR_1.50_2KW_'
28-3-2025 17:23:10 --> [LCSV-0001] = Se ha producido un error de excepción
[Errno 2] No such file or directory: 'ALUMINIUM_1.5_AIR_1.50_2KW_' 'ALUMINIUM_1.5_AIR_1.50_2KW_'
28-3-2025 17:23:10 --> [LCSV-0001] = Se ha producido un error de excepción
[Errno 2] No such file or directory: 'ALUMINIUM_2.0_AIR_1.50_2KW_' 'ALUMINIUM_2.0_AIR_1.50_2KW_'
28-3-2025 17:23:10 --> [LCSV-0001] = Se ha producido un error de excepción
[Errno 2] No such file or directory: 'ALUMINIUM_3.0_AIR_2.50_2KW_' 'ALUMINIUM_3.0_AIR_2.50_2KW_'
28-3-2025 17:23:10 --> [LCSV-0001] = Se ha producido un error de excepción
[Errno 2] No such file or directory: 'ALUMINIUM_4.0_AIR_2.00_2KW_' 'ALUMINIUM_4.0_AIR_2.00_2KW_'
28-3-2025 17:23:10 --> [LCSV-0001] = Se ha producido un error de excepción
[Errno 2] No such file or directory: 'BRASS_1.5_N2_1.50_2KW_' 'BRASS_1.5_N2_1.50_2KW_'
28-3-2025 17:23:10 --> [LCSV-0001] = Se ha producido un error de excepción
[Errno 2] No such file or directory: 'BRASS_3.0_N2_2.50_2KW_' 'BRASS_3.0_N2_2.50_2KW_'
28-3-2025 17:23:11 --> [LCSV-0001] = Se ha producido un error de excepción
[Errno 2] No such file or directory: 'COPPER_0.6_O2_2.00_2KW_' 'COPPER_0.6_O2_2.00_2KW_'
28-3-2025 17:23:11 --> [LCSV-0001] = Se ha producido un error de excepción
[Errno 2] No such file or directory: 'COPPER_0.8_O2_2.00_2KW_' 'COPPER_0.8_O2_2.00_2KW_'
28-3-2025 17:23:11 --> [LCSV-0001] = Se ha producido un error de excepción
[Errno 2] No such file or directory: 'COPPER_1.0_O2_1.50_2KW_' 'COPPER_1.0_O2_1.50_2KW_'
28-3-2025 17:23:11 --> [LCSV-0001] = Se ha producido un error de excepción
[Errno 2] No such file or directory: 'COPPER_1.5_O2_1.50_2KW_' 'COPPER_1.5_O2_1.50_2KW_'
28-3-2025 17:23:11 --> [LCSV-0001] = Se ha producido un error de excepción
[Errno 2] No such file or directory: 'COPPER_3.0_O2_2.00_2KW_' 'COPPER_3.0_O2_2.00_2KW_'
28-3-2025 17:23:11 --> [LCSV-0001] = Se ha producido un error de excepción
[Errno 2] No such file or directory: 'GALVANIZED_1.0_AIR_2.00_2KW_' 'GALVANIZED_1.0_AIR_2.00_2KW_'
28-3-2025 17:23:11 --> [LCSV-0001] = Se ha producido un error de excepción
[Errno 2] No such file or directory: 'GALVANIZED_1.0_N2_2.00_2KW_' 'GALVANIZED_1.0_N2_2.00_2KW_'
28-3-2025 17:23:11 --> [LCSV-0001] = Se ha producido un error de excepción
[Errno 2] No such file or directory: 'GALVANIZED_2.0_AIR_2.00_2KW_' 'GALVANIZED_2.0_AIR_2.00_2KW_'
28-3-2025 17:23:11 --> [LCSV-0001] = Se ha producido un error de excepción
[Errno 2] No such file or directory: 'GALVANIZED_2.0_N2_2.00_2KW_' 'GALVANIZED_2.0_N2_2.00_2KW_'
28-3-2025 17:23:11 --> [LCSV-0001] = Se ha producido un error de excepción
[Errno 2] No such file or directory: 'GALVANIZED_3.0_N2_2.00_2KW_' 'GALVANIZED_3.0_N2_2.00_2KW_'
28-3-2025 17:23:11 --> [LCSV-0001] = Se ha producido un error de excepción
[Errno 2] No such file or directory: 'MILD STEEL_10.0_O2_1.50_2KW_' 'MILD STEEL_10.0_O2_1.50_2KW_'
28-3-2025 17:23:11 --> [LCSV-0001] = Se ha producido un error de excepción
[Errno 2] No such file or directory: 'MILD STEEL_12.0_O2_2.00_2KW_FLOAT' 'MILD STEEL_12.0_O2_2.00_2KW_FLOAT'
28-3-2025 17:23:11 --> [LCSV-0001] = Se ha producido un error de excepción
[Errno 2] No such file or directory: 'MILD STEEL_12.0_O2_2.00_2KW_PPULS' 'MILD STEEL_12.0_O2_2.00_2KW_PPULS'
28-3-2025 17:23:11 --> [LCSV-0001] = Se ha producido un error de excepción
[Errno 2] No such file or directory: 'MILD STEEL_15.0_O2_2.50_2KW_FLOAT' 'MILD STEEL_15.0_O2_2.50_2KW_FLOAT'
28-3-2025 17:23:11 --> [LCSV-0001] = Se ha producido un error de excepción
[Errno 2] No such file or directory: 'MILD STEEL_15.0_O2_2.50_2KW_PPULS' 'MILD STEEL_15.0_O2_2.50_2KW_PPULS'
28-3-2025 17:23:11 --> [LCSV-0001] = Se ha producido un error de excepción
[Errno 2] No such file or directory: 'MILD STEEL_2.0_O2_1.20_2KW_' 'MILD STEEL_2.0_O2_1.20_2KW_'
28-3-2025 17:23:11 --> [LCSV-0001] = Se ha producido un error de excepción
[Errno 2] No such file or directory: 'MILD STEEL_3.0_O2_1.20_2KW_' 'MILD STEEL_3.0_O2_1.20_2KW_'
28-3-2025 17:23:11 --> [LCSV-0001] = Se ha producido un error de excepción
[Errno 2] No such file or directory: 'MILD STEEL_4.0_O2_1.20_2KW_' 'MILD STEEL_4.0_O2_1.20_2KW_'
28-3-2025 17:23:11 --> [LCSV-0001] = Se ha producido un error de excepción
[Errno 2] No such file or directory: 'MILD STEEL_5.0_O2_1.20_2KW_' 'MILD STEEL_5.0_O2_1.20_2KW_'
28-3-2025 17:23:11 --> [LCSV-0001] = Se ha producido un error de excepción
[Errno 2] No such file or directory: 'MILD STEEL_6.0_O2_1.20_2KW_' 'MILD STEEL_6.0_O2_1.20_2KW_'
28-3-2025 17:23:11 --> [LCSV-0001] = Se ha producido un error de excepción
[Errno 2] No such file or directory: 'MILD STEEL_8.0_O2_1.50_2KW_' 'MILD STEEL_8.0_O2_1.50_2KW_'
28-3-2025 17:23:11 --> [LCSV-0001] = Se ha producido un error de excepción
[Errno 2] No such file or directory: 'MILD STEEL_1.0_N2_2.00_2KW_' 'MILD STEEL_1.0_N2_2.00_2KW_'
28-3-2025 17:23:11 --> [LCSV-0001] = Se ha producido un error de excepción
[Errno 2] No such file or directory: 'MILD STEEL_1.2_N2_2.00_2KW_' 'MILD STEEL_1.2_N2_2.00_2KW_'
28-3-2025 17:23:11 --> [LCSV-0001] = Se ha producido un error de excepción
[Errno 2] No such file or directory: 'MILD STEEL_2.0_N2_2.00_2KW_' 'MILD STEEL_2.0_N2_2.00_2KW_'
28-3-2025 17:23:11 --> [LCSV-0001] = Se ha producido un error de excepción
[Errno 2] No such file or directory: 'MILD STEEL_3.0_N2_2.00_2KW_' 'MILD STEEL_3.0_N2_2.00_2KW_'
28-3-2025 17:23:11 --> [LCSV-0001] = Se ha producido un error de excepción
[Errno 2] No such file or directory: 'MILD STEEL_4.0_N2_2.00_2KW_' 'MILD STEEL_4.0_N2_2.00_2KW_'
28-3-2025 17:23:11 --> [LCSV-0001] = Se ha producido un error de excepción
[Errno 2] No such file or directory: 'STAINLESS STEEL_1.0_N2_1.50_2KW_' 'STAINLESS STEEL_1.0_N2_1.50_2KW_'
28-3-2025 17:23:11 --> [LCSV-0001] = Se ha producido un error de excepción
[Errno 2] No such file or directory: 'STAINLESS STEEL_1.2_N2_2.00_2KW_' 'STAINLESS STEEL_1.2_N2_2.00_2KW_'
28-3-2025 17:23:11 --> [LCSV-0001] = Se ha producido un error de excepción
[Errno 2] No such file or directory: 'STAINLESS STEEL_1.5_N2_2.00_2KW_' 'STAINLESS STEEL_1.5_N2_2.00_2KW_'
28-3-2025 17:23:11 --> [LCSV-0001] = Se ha producido un error de excepción
[Errno 2] No such file or directory: 'STAINLESS STEEL_2.0_N2_2.50_2KW_' 'STAINLESS STEEL_2.0_N2_2.50_2KW_'
28-3-2025 17:23:11 --> [LCSV-0001] = Se ha producido un error de excepción
[Errno 2] No such file or directory: 'STAINLESS STEEL_3.0_N2_2.50_2KW_' 'STAINLESS STEEL_3.0_N2_2.50_2KW_'
28-3-2025 17:23:11 --> [LCSV-0001] = Se ha producido un error de excepción
[Errno 2] No such file or directory: 'STAINLESS STEEL_4.0_N2_2.50_2KW_' 'STAINLESS STEEL_4.0_N2_2.50_2KW_'
28-3-2025 17:23:11 --> [LCSV-0001] = Se ha producido un error de excepción
[Errno 2] No such file or directory: 'STAINLESS STEEL_5.0_N2_2.50_2KW_' 'STAINLESS STEEL_5.0_N2_2.50_2KW_'
28-3-2025 17:23:11 --> [LCSV-0001] = Se ha producido un error de excepción
[Errno 2] No such file or directory: 'STAINLESS STEEL_6.0_N2_2.50_2KW_' 'STAINLESS STEEL_6.0_N2_2.50_2KW_'
28-3-2025 17:23:11 --> [LCSV-0001] = Se ha producido un error de excepción
[Errno 2] No such file or directory: 'STAINLESS STEEL_8.0_N2_2.50_2KW_' 'STAINLESS STEEL_8.0_N2_2.50_2KW_'
28-3-2025 17:23:11 --> [LCSV-0001] = Se ha producido un error de excepción
[Errno 2] No such file or directory: 'ACERO AL CARBONO_1.0_N2' 'ACERO AL CARBONO_1.0_N2'
28-3-2025 17:23:11 --> [LCSV-0001] = Se ha producido un error de excepción
[Errno 2] No such file or directory: 'ACERO AL CARBONO_1.5_N2' 'ACERO AL CARBONO_1.5_N2'
28-3-2025 17:23:11 --> [LCSV-0001] = Se ha producido un error de excepción
[Errno 2] No such file or directory: 'ACERO AL CARBONO_2.0_N2' 'ACERO AL CARBONO_2.0_N2'
28-3-2025 17:23:11 --> [LCSV-0001] = Se ha producido un error de excepción
[Errno 2] No such file or directory: 'ACERO AL CARBONO_3.0_N2' 'ACERO AL CARBONO_3.0_N2'
28-3-2025 17:23:11 --> [LCSV-0001] = Se ha producido un error de excepción
[Errno 2] No such file or directory: 'ACERO AL CARBONO_4.0_N2' 'ACERO AL CARBONO_4.0_N2'
28-3-2025 17:23:11 --> [LCSV-0001] = Se ha producido un error de excepción
[Errno 2] No such file or directory: 'ACERO AL CARBONO_5.0_N2' 'ACERO AL CARBONO_5.0_N2'
28-3-2025 17:23:11 --> [LCSV-0001] = Se ha producido un error de excepción
[Errno 2] No such file or directory: 'ACERO AL CARBONO_1.5_O2' 'ACERO AL CARBONO_1.5_O2'
28-3-2025 17:23:11 --> [LCSV-0001] = Se ha producido un error de excepción
[Errno 2] No such file or directory: 'ACERO AL CARBONO_10.0_O2' 'ACERO AL CARBONO_10.0_O2'
28-3-2025 17:23:11 --> [LCSV-0001] = Se ha producido un error de excepción
[Errno 2] No such file or directory: 'ACERO AL CARBONO_12.0_O2' 'ACERO AL CARBONO_12.0_O2'
28-3-2025 17:23:11 --> [LCSV-0001] = Se ha producido un error de excepción
[Errno 2] No such file or directory: 'ACERO AL CARBONO_15.0_O2' 'ACERO AL CARBONO_15.0_O2'
28-3-2025 17:23:11 --> [LCSV-0001] = Se ha producido un error de excepción
[Errno 2] No such file or directory: 'ACERO AL CARBONO_2.0_O2' 'ACERO AL CARBONO_2.0_O2'
28-3-2025 17:23:11 --> [LCSV-0001] = Se ha producido un error de excepción
[Errno 2] No such file or directory: 'ACERO AL CARBONO_20.0_O2' 'ACERO AL CARBONO_20.0_O2'
28-3-2025 17:23:11 --> [LCSV-0001] = Se ha producido un error de excepción
[Errno 2] No such file or directory: 'ACERO AL CARBONO_25.0_O2' 'ACERO AL CARBONO_25.0_O2'
28-3-2025 17:23:11 --> [LCSV-0001] = Se ha producido un error de excepción
[Errno 2] No such file or directory: 'ACERO AL CARBONO_3.0_O2' 'ACERO AL CARBONO_3.0_O2'
28-3-2025 17:23:11 --> [LCSV-0001] = Se ha producido un error de excepción
[Errno 2] No such file or directory: 'ACERO AL CARBONO_4.0_O2' 'ACERO AL CARBONO_4.0_O2'
28-3-2025 17:23:11 --> [LCSV-0001] = Se ha producido un error de excepción
[Errno 2] No such file or directory: 'ACERO AL CARBONO_5.0_O2' 'ACERO AL CARBONO_5.0_O2'
28-3-2025 17:23:11 --> [LCSV-0001] = Se ha producido un error de excepción
[Errno 2] No such file or directory: 'ACERO AL CARBONO_6.0_O2' 'ACERO AL CARBONO_6.0_O2'
28-3-2025 17:23:11 --> [LCSV-0001] = Se ha producido un error de excepción
[Errno 2] No such file or directory: 'ACERO AL CARBONO_8.0_O2' 'ACERO AL CARBONO_8.0_O2'
28-3-2025 17:23:11 --> [LCSV-0001] = Se ha producido un error de excepción
[Errno 2] No such file or directory: 'ACERO INOXIDABLE_0.8_N2' 'ACERO INOXIDABLE_0.8_N2'
28-3-2025 17:23:11 --> [LCSV-0001] = Se ha producido un error de excepción
[Errno 2] No such file or directory: 'ACERO INOXIDABLE_1.0_N2' 'ACERO INOXIDABLE_1.0_N2'
28-3-2025 17:23:11 --> [LCSV-0001] = Se ha producido un error de excepción
[Errno 2] No such file or directory: 'ACERO INOXIDABLE_1.5_N2' 'ACERO INOXIDABLE_1.5_N2'
28-3-2025 17:23:11 --> [LCSV-0001] = Se ha producido un error de excepción
[Errno 2] No such file or directory: 'ACERO INOXIDABLE_10.0_N2' 'ACERO INOXIDABLE_10.0_N2'
28-3-2025 17:23:11 --> [LCSV-0001] = Se ha producido un error de excepción
[Errno 2] No such file or directory: 'ACERO INOXIDABLE_12.0_N2' 'ACERO INOXIDABLE_12.0_N2'
28-3-2025 17:23:11 --> [LCSV-0001] = Se ha producido un error de excepción
[Errno 2] No such file or directory: 'ACERO INOXIDABLE_15.0_N2' 'ACERO INOXIDABLE_15.0_N2'
28-3-2025 17:23:11 --> [LCSV-0001] = Se ha producido un error de excepción
[Errno 2] No such file or directory: 'ACERO INOXIDABLE_2.0_N2' 'ACERO INOXIDABLE_2.0_N2'
28-3-2025 17:23:11 --> [LCSV-0001] = Se ha producido un error de excepción
[Errno 2] No such file or directory: 'ACERO INOXIDABLE_20.0_N2' 'ACERO INOXIDABLE_20.0_N2'
28-3-2025 17:23:11 --> [LCSV-0001] = Se ha producido un error de excepción
[Errno 2] No such file or directory: 'ACERO INOXIDABLE_3.0_N2' 'ACERO INOXIDABLE_3.0_N2'
28-3-2025 17:23:11 --> [LCSV-0001] = Se ha producido un error de excepción
[Errno 2] No such file or directory: 'ACERO INOXIDABLE_4.0_N2' 'ACERO INOXIDABLE_4.0_N2'
28-3-2025 17:23:11 --> [LCSV-0001] = Se ha producido un error de excepción
[Errno 2] No such file or directory: 'ACERO INOXIDABLE_5.0_N2' 'ACERO INOXIDABLE_5.0_N2'
28-3-2025 17:23:11 --> [LCSV-0001] = Se ha producido un error de excepción
[Errno 2] No such file or directory: 'ACERO INOXIDABLE_6.0_N2' 'ACERO INOXIDABLE_6.0_N2'
28-3-2025 17:23:11 --> [LCSV-0001] = Se ha producido un error de excepción
[Errno 2] No such file or directory: 'ACERO INOXIDABLE_8.0_N2' 'ACERO INOXIDABLE_8.0_N2'
28-3-2025 17:23:11 --> [LCSV-0001] = Se ha producido un error de excepción
[Errno 2] No such file or directory: 'ACERO AL CARBONO_1.0_AIR' 'ACERO AL CARBONO_1.0_AIR'
28-3-2025 17:23:11 --> [LCSV-0001] = Se ha producido un error de excepción
[Errno 2] No such file or directory: 'ACERO AL CARBONO_1.5_AIR' 'ACERO AL CARBONO_1.5_AIR'
28-3-2025 17:23:11 --> [LCSV-0001] = Se ha producido un error de excepción
[Errno 2] No such file or directory: 'ACERO AL CARBONO_2.0_AIR' 'ACERO AL CARBONO_2.0_AIR'
28-3-2025 17:23:11 --> [LCSV-0001] = Se ha producido un error de excepción
[Errno 2] No such file or directory: 'ALUMINIO_1.0_AIR' 'ALUMINIO_1.0_AIR'
28-3-2025 17:23:11 --> [LCSV-0001] = Se ha producido un error de excepción
[Errno 2] No such file or directory: 'ALUMINIO_1.5_AIR' 'ALUMINIO_1.5_AIR'
28-3-2025 17:23:11 --> [LCSV-0001] = Se ha producido un error de excepción
[Errno 2] No such file or directory: 'ALUMINIO_2.0_AIR' 'ALUMINIO_2.0_AIR'
28-3-2025 17:23:11 --> [LCSV-0001] = Se ha producido un error de excepción
[Errno 2] No such file or directory: 'ALUMINIO_3.0_AIR' 'ALUMINIO_3.0_AIR'
28-3-2025 17:23:11 --> [LCSV-0001] = Se ha producido un error de excepción
[Errno 2] No such file or directory: 'ALUMINIO_4.0_AIR' 'ALUMINIO_4.0_AIR'
28-3-2025 17:23:11 --> [LCSV-0001] = Se ha producido un error de excepción
[Errno 2] No such file or directory: 'GALVANIZADO_1.0_AIR' 'GALVANIZADO_1.0_AIR'
28-3-2025 17:23:11 --> [LCSV-0001] = Se ha producido un error de excepción
[Errno 2] No such file or directory: 'GALVANIZADO_1.5_AIR' 'GALVANIZADO_1.5_AIR'
28-3-2025 17:23:11 --> [LCSV-0001] = Se ha producido un error de excepción
[Errno 2] No such file or directory: 'GALVANIZADO_2.0_AIR' 'GALVANIZADO_2.0_AIR'
28-3-2025 17:23:11 --> [LCSV-0001] = Se ha producido un error de excepción
[Errno 2] No such file or directory: 'GALVANIZADO_3.0_AIR' 'GALVANIZADO_3.0_AIR'
28-3-2025 17:23:11 --> [LCSV-0001] = Se ha producido un error de excepción
[Errno 2] No such file or directory: 'ALUMINIO_1.0_AIR' 'ALUMINIO_1.0_AIR'
28-3-2025 17:23:11 --> [LCSV-0001] = Se ha producido un error de excepción
[Errno 2] No such file or directory: 'ALUMINIO_1.5_AIR' 'ALUMINIO_1.5_AIR'
28-3-2025 17:23:11 --> [LCSV-0001] = Se ha producido un error de excepción
[Errno 2] No such file or directory: 'ALUMINIO_10.0_AIR' 'ALUMINIO_10.0_AIR'
28-3-2025 17:23:11 --> [LCSV-0001] = Se ha producido un error de excepción
[Errno 2] No such file or directory: 'ALUMINIO_2.0_AIR' 'ALUMINIO_2.0_AIR'
28-3-2025 17:23:11 --> [LCSV-0001] = Se ha producido un error de excepción
[Errno 2] No such file or directory: 'ALUMINIO_3.0_AIR' 'ALUMINIO_3.0_AIR'
28-3-2025 17:23:11 --> [LCSV-0001] = Se ha producido un error de excepción
[Errno 2] No such file or directory: 'ALUMINIO_5.0_AIR' 'ALUMINIO_5.0_AIR'
28-3-2025 17:23:11 --> [LCSV-0001] = Se ha producido un error de excepción
[Errno 2] No such file or directory: 'GALVANIZADO_1.0_AIR' 'GALVANIZADO_1.0_AIR'
28-3-2025 17:23:11 --> [LCSV-0001] = Se ha producido un error de excepción
[Errno 2] No such file or directory: 'GALVANIZADO_1.5_AIR' 'GALVANIZADO_1.5_AIR'
28-3-2025 17:23:11 --> [LCSV-0001] = Se ha producido un error de excepción
[Errno 2] No such file or directory: 'GALVANIZADO_2.0_AIR' 'GALVANIZADO_2.0_AIR'
28-3-2025 17:23:11 --> [LCSV-0001] = Se ha producido un error de excepción
[Errno 2] No such file or directory: 'ALUMINIO_1.0_N2' 'ALUMINIO_1.0_N2'
28-3-2025 17:23:11 --> [LCSV-0001] = Se ha producido un error de excepción
[Errno 2] No such file or directory: 'ALUMINIO_1.5_N2' 'ALUMINIO_1.5_N2'
28-3-2025 17:23:11 --> [LCSV-0001] = Se ha producido un error de excepción
[Errno 2] No such file or directory: 'ALUMINIO_10.0_N2' 'ALUMINIO_10.0_N2'
28-3-2025 17:23:11 --> [LCSV-0001] = Se ha producido un error de excepción
[Errno 2] No such file or directory: 'ALUMINIO_12.0_ N2' 'ALUMINIO_12.0_ N2'
28-3-2025 17:23:11 --> [LCSV-0001] = Se ha producido un error de excepción
[Errno 2] No such file or directory: 'ALUMINIO_15.0_N2' 'ALUMINIO_15.0_N2'
28-3-2025 17:23:11 --> [LCSV-0001] = Se ha producido un error de excepción
[Errno 2] No such file or directory: 'ALUMINIO_2.0_N2' 'ALUMINIO_2.0_N2'
28-3-2025 17:23:11 --> [LCSV-0001] = Se ha producido un error de excepción
[Errno 2] No such file or directory: 'ALUMINIO_20.0_N2' 'ALUMINIO_20.0_N2'
28-3-2025 17:23:11 --> [LCSV-0001] = Se ha producido un error de excepción
[Errno 2] No such file or directory: 'ALUMINIO_3.0_N2' 'ALUMINIO_3.0_N2'
28-3-2025 17:23:11 --> [LCSV-0001] = Se ha producido un error de excepción
[Errno 2] No such file or directory: 'ALUMINIO_4.0_N2' 'ALUMINIO_4.0_N2'
28-3-2025 17:23:11 --> [LCSV-0001] = Se ha producido un error de excepción
[Errno 2] No such file or directory: 'ALUMINIO_5.0_N2' 'ALUMINIO_5.0_N2'
28-3-2025 17:23:11 --> [LCSV-0001] = Se ha producido un error de excepción
[Errno 2] No such file or directory: 'ALUMINIO_6.0_N2' 'ALUMINIO_6.0_N2'
28-3-2025 17:23:11 --> [LCSV-0001] = Se ha producido un error de excepción
[Errno 2] No such file or directory: 'ALUMINIO_8.0_N2' 'ALUMINIO_8.0_N2'
28-3-2025 17:23:11 --> [LCSV-0001] = Se ha producido un error de excepción
[Errno 2] No such file or directory: 'COBRE_1.0_O2' 'COBRE_1.0_O2'
28-3-2025 17:23:11 --> [LCSV-0001] = Se ha producido un error de excepción
[Errno 2] No such file or directory: 'COBRE_2.0_O2' 'COBRE_2.0_O2'
28-3-2025 17:23:11 --> [LCSV-0001] = Se ha producido un error de excepción
[Errno 2] No such file or directory: 'COBRE_3.0_O2' 'COBRE_3.0_O2'
28-3-2025 17:23:11 --> [LCSV-0001] = Se ha producido un error de excepción
[Errno 2] No such file or directory: 'COBRE_4.0_O2' 'COBRE_4.0_O2'
28-3-2025 17:23:11 --> [LCSV-0001] = Se ha producido un error de excepción
[Errno 2] No such file or directory: 'COBRE_5.0_O2' 'COBRE_5.0_O2'
28-3-2025 17:23:11 --> [LCSV-0001] = Se ha producido un error de excepción
[Errno 2] No such file or directory: 'COBRE_6.0_O2' 'COBRE_6.0_O2'
28-3-2025 17:23:11 --> [LCSV-0001] = Se ha producido un error de excepción
[Errno 2] No such file or directory: 'GALVANIZADO_1.0_N2' 'GALVANIZADO_1.0_N2'
28-3-2025 17:23:11 --> [LCSV-0001] = Se ha producido un error de excepción
[Errno 2] No such file or directory: 'GALVANIZADO_1.2_N2' 'GALVANIZADO_1.2_N2'
28-3-2025 17:23:11 --> [LCSV-0001] = Se ha producido un error de excepción
[Errno 2] No such file or directory: 'GALVANIZADO_1.5_N2' 'GALVANIZADO_1.5_N2'
28-3-2025 17:23:11 --> [LCSV-0001] = Se ha producido un error de excepción
[Errno 2] No such file or directory: 'GALVANIZADO_2.0_N2' 'GALVANIZADO_2.0_N2'
28-3-2025 17:23:11 --> [LCSV-0001] = Se ha producido un error de excepción
[Errno 2] No such file or directory: 'GALVANIZADO_3.0_N2' 'GALVANIZADO_3.0_N2'
28-3-2025 17:23:11 --> [LCSV-0001] = Se ha producido un error de excepción
[Errno 2] No such file or directory: 'GALVANIZADO_4.0_N2' 'GALVANIZADO_4.0_N2'
28-3-2025 17:23:11 --> [LCSV-0001] = Se ha producido un error de excepción
[Errno 2] No such file or directory: 'LATON_1.0_N2' 'LATON_1.0_N2'
28-3-2025 17:23:11 --> [LCSV-0001] = Se ha producido un error de excepción
[Errno 2] No such file or directory: 'LATON_2.0_N2' 'LATON_2.0_N2'
28-3-2025 17:23:11 --> [LCSV-0001] = Se ha producido un error de excepción
[Errno 2] No such file or directory: 'LATON_3.0_N2' 'LATON_3.0_N2'
28-3-2025 17:23:11 --> [LCSV-0001] = Se ha producido un error de excepción
[Errno 2] No such file or directory: 'LATON_4.0_N2' 'LATON_4.0_N2'
28-3-2025 17:23:11 --> [LCSV-0001] = Se ha producido un error de excepción
[Errno 2] No such file or directory: 'LATON_5.0_N2' 'LATON_5.0_N2'
28-3-2025 17:23:11 --> [LCSV-0001] = Se ha producido un error de excepción
[Errno 2] No such file or directory: 'LATON_6.0_N2' 'LATON_6.0_N2'
28-3-2025 18:26:9 --> [LCSV-0001] = Se ha producido un error de excepción
'charmap' codec can't decode byte 0x8d in position 752: character maps to <undefined> 'para_procesar\15KW PROCUTTER 2.0 200_100\factory\ALUMINIUM\15KW PROCUTTER 2.0_200_100 ALUMINIO.xls'
28-3-2025 18:26:9 --> [LCSV-0001] = Se ha producido un error de excepción
'NoneType' object has no attribute 'span' 'para_procesar\15KW PROCUTTER 2.0 200_100\factory\ALUMINIUM\ALUMINIO_Al-5754_4.00_N2_3.50_200_15KW_'
28-3-2025 18:26:9 --> [LCSV-0001] = Se ha producido un error de excepción
'NoneType' object has no attribute 'span' 'para_procesar\15KW PROCUTTER 2.0 200_100\factory\ALUMINIUM\ALUMINIO_Al-5754_5.00_N2_3.00_200_15KW_'
28-3-2025 18:26:9 --> [LCSV-0001] = Se ha producido un error de excepción
'charmap' codec can't decode byte 0x8d in position 752: character maps to <undefined> 'para_procesar\15KW PROCUTTER 2.0 200_100\factory\COBRE\15KW PROCUTTER 2.0_200_100 COBRE.xls'
28-3-2025 18:26:9 --> [LCSV-0001] = Se ha producido un error de excepción
'charmap' codec can't decode byte 0x8d in position 752: character maps to <undefined> 'para_procesar\15KW PROCUTTER 2.0 200_100\factory\GALVANIZED\15KW PROCUTTER 2.0_200_100 GALVANIZADO.xls'
28-3-2025 18:26:9 --> [LCSV-0001] = Se ha producido un error de excepción
'charmap' codec can't decode byte 0x8d in position 752: character maps to <undefined> 'para_procesar\15KW PROCUTTER 2.0 200_100\factory\LATON\15KW PROCUTTER 2.0_200_100 LATON.xls'
28-3-2025 18:26:9 --> [LCSV-0001] = Se ha producido un error de excepción
'charmap' codec can't decode byte 0x8d in position 752: character maps to <undefined> 'para_procesar\15KW PROCUTTER 2.0 200_100\factory\STAINLESS STEEL\15KW PROCUTTER 2.0_200_100 INOXIDABLE.xls'
28-3-2025 18:26:9 --> [LCSV-0001] = Se ha producido un error de excepción
'charmap' codec can't decode byte 0x8d in position 752: character maps to <undefined> 'para_procesar\15KW PROCUTTER 2.0 200_100\factory\STEEL\15KW PROCUTTER 2.0_200_100 ACERO O2.xls'
28-3-2025 18:26:9 --> [LCSV-0001] = Se ha producido un error de excepción
'charmap' codec can't decode byte 0x8d in position 752: character maps to <undefined> 'para_procesar\15KW PROCUTTER 2.0 200_100\factory\STEEL N2\15KW PROCUTTER 2.0_200_100 ACERO N2.xls'
28-3-2025 18:26:9 --> [LCSV-0001] = Se ha producido un error de excepción
'charmap' codec can't decode byte 0x8d in position 752: character maps to <undefined> 'para_procesar\2KW LIGHTCUTTER 150_100\factory\ACERO INOXIDABLE\2KW LIGHTCUTTER INOXIDABLE.xls'
28-3-2025 18:26:9 --> [LCSV-0001] = Se ha producido un error de excepción
'charmap' codec can't decode byte 0x8d in position 752: character maps to <undefined> 'para_procesar\2KW LIGHTCUTTER 150_100\factory\ACERO N2\2KW LIGHTCUTTER_PROCUTTER 150_100 ACERO N2.xls'
28-3-2025 18:26:9 --> [LCSV-0001] = Se ha producido un error de excepción
'charmap' codec can't decode byte 0x8d in position 752: character maps to <undefined> 'para_procesar\2KW LIGHTCUTTER 150_100\factory\ACERO O2\2KW LIGHTCUTTER ACERO O2.xls'
28-3-2025 18:26:9 --> [LCSV-0001] = Se ha producido un error de excepción
'charmap' codec can't decode byte 0x8d in position 752: character maps to <undefined> 'para_procesar\2KW LIGHTCUTTER 150_100\factory\ALUMINIO\2KW LIGHTCUTTER ALUMINIO.xls'
28-3-2025 18:26:9 --> [LCSV-0001] = Se ha producido un error de excepción
'charmap' codec can't decode byte 0x8d in position 752: character maps to <undefined> 'para_procesar\2KW LIGHTCUTTER 150_100\factory\ALUMINIO AIR\2KW LIGHTCUTTER_PROCUTTER 150_100 ALUMINIO AIRE.xls'
28-3-2025 18:26:9 --> [LCSV-0001] = Se ha producido un error de excepción
'charmap' codec can't decode byte 0x8d in position 752: character maps to <undefined> 'para_procesar\2KW LIGHTCUTTER 150_100\factory\COBRE\2KW LIGHTCUTTER COBRE.xls'
28-3-2025 18:26:9 --> [LCSV-0001] = Se ha producido un error de excepción
'charmap' codec can't decode byte 0x8d in position 752: character maps to <undefined> 'para_procesar\2KW LIGHTCUTTER 150_100\factory\GALVANIZADO\2KW LIGHTCUTTER GALVANIZADO.xls'
28-3-2025 18:26:9 --> [LCSV-0001] = Se ha producido un error de excepción
'charmap' codec can't decode byte 0x8d in position 752: character maps to <undefined> 'para_procesar\2KW LIGHTCUTTER 150_100\factory\LATON\2KW LIGHTCUTTER LATON.xls'
28-3-2025 18:26:9 --> [LCSV-0001] = Se ha producido un error de excepción
'charmap' codec can't decode byte 0x8d in position 752: character maps to <undefined> 'para_procesar\3KW LIGHTCUTTER_PROCUTTER 150_100\factory\ACERO AIR\3KW LIGHTCUTTER_PROCUTTER 150_100 ACERO AIR.xls'
28-3-2025 18:26:9 --> [LCSV-0001] = Se ha producido un error de excepción
'NoneType' object has no attribute 'span' 'para_procesar\3KW LIGHTCUTTER_PROCUTTER 150_100\factory\ACERO AIR\ACERO AL CARBONO_DD11_1.00_AIR_2.00_LIGHTCUTTER 150 3KW_'
28-3-2025 18:26:9 --> [LCSV-0001] = Se ha producido un error de excepción
'charmap' codec can't decode byte 0x8d in position 752: character maps to <undefined> 'para_procesar\3KW LIGHTCUTTER_PROCUTTER 150_100\factory\ACERO N2\3KW LIGHTCUTTER_PROCUTTER 150_100 ACERO N2.xls'
28-3-2025 18:26:9 --> [LCSV-0001] = Se ha producido un error de excepción
'charmap' codec can't decode byte 0x8d in position 752: character maps to <undefined> 'para_procesar\3KW LIGHTCUTTER_PROCUTTER 150_100\factory\ACERO O2\3KW LIGHTCUTTER_PROCUTTER 150_100 ACERO O2.xls'
28-3-2025 18:26:9 --> [LCSV-0001] = Se ha producido un error de excepción
'charmap' codec can't decode byte 0x8d in position 752: character maps to <undefined> 'para_procesar\3KW LIGHTCUTTER_PROCUTTER 150_100\factory\ALUMINIO AIR\3KW LIGHTCUTTER_PROCUTTER 150_100 ALUMINIO AIR.xls'
28-3-2025 18:26:9 --> [LCSV-0001] = Se ha producido un error de excepción
'charmap' codec can't decode byte 0x8d in position 752: character maps to <undefined> 'para_procesar\3KW LIGHTCUTTER_PROCUTTER 150_100\factory\ALUMINIO N2\3KW LIGHTCUTTER_PROCUTTER 150_100 ALUMINIO.xls'
28-3-2025 18:26:9 --> [LCSV-0001] = Se ha producido un error de excepción
'charmap' codec can't decode byte 0x8d in position 752: character maps to <undefined> 'para_procesar\3KW LIGHTCUTTER_PROCUTTER 150_100\factory\COBRE\3KW LIGHTCUTTER_PROCUTTER 150_100 COBRE.xls'
28-3-2025 18:26:10 --> [LCSV-0001] = Se ha producido un error de excepción
'charmap' codec can't decode byte 0x8d in position 752: character maps to <undefined> 'para_procesar\3KW LIGHTCUTTER_PROCUTTER 150_100\factory\GALVANIZADO\3KW LIGHTCUTTER_PROCUTTER 150_100 GALVANIZADO.xls'
28-3-2025 18:26:10 --> [LCSV-0001] = Se ha producido un error de excepción
'charmap' codec can't decode byte 0x8d in position 752: character maps to <undefined> 'para_procesar\3KW LIGHTCUTTER_PROCUTTER 150_100\factory\GALVANIZADO AIR\3KW LIGHTCUTTER_PROCUTTER 150_100 GALVANIZADO AIR.xls'
28-3-2025 18:26:10 --> [LCSV-0001] = Se ha producido un error de excepción
'charmap' codec can't decode byte 0x8d in position 752: character maps to <undefined> 'para_procesar\3KW LIGHTCUTTER_PROCUTTER 150_100\factory\INOXIDABLE\3KW LIGHTCUTTER_PROCUTTER 150_100 INOXIDABLE.xls'
28-3-2025 18:26:10 --> [LCSV-0001] = Se ha producido un error de excepción
'charmap' codec can't decode byte 0x8d in position 752: character maps to <undefined> 'para_procesar\3KW LIGHTCUTTER_PROCUTTER 150_100\factory\LATON\3KW LIGHTCUTTER_PROCUTTER 150_100 LATON.xls'
28-3-2025 18:26:10 --> [LCSV-0001] = Se ha producido un error de excepción
'NoneType' object has no attribute 'span' 'para_procesar\3KW PROCUTTER 150_100 (YLR)\factory\ACERO AIR\ACERO AL CARBONO_DD11_1.00_AIR_2.00_PROCUTTER 150 3KW_'
28-3-2025 18:26:10 --> [LCSV-0001] = Se ha producido un error de excepción
'charmap' codec can't decode byte 0x8d in position 752: character maps to <undefined> 'para_procesar\4KW PROCUTTER 150_100\factory\ACERO AL CABONO N2\PARAMETROS PROCUTTER 4KW 150 100 ACERO N2.xls'
28-3-2025 18:26:10 --> [LCSV-0001] = Se ha producido un error de excepción
'charmap' codec can't decode byte 0x8d in position 752: character maps to <undefined> 'para_procesar\4KW PROCUTTER 150_100\factory\ACERO AL CARBONO O2\PARAMETROS PROCUTTER 4KW 150 100 ACERO AL CARBONO O2.xls'
28-3-2025 18:26:10 --> [LCSV-0001] = Se ha producido un error de excepción
'charmap' codec can't decode byte 0x8d in position 752: character maps to <undefined> 'para_procesar\4KW PROCUTTER 150_100\factory\ACERO INOXIDABLE\PARAMETROS PROCUTTER 4KW 150 100 INOXIDABLE.xls'
28-3-2025 18:26:10 --> [LCSV-0001] = Se ha producido un error de excepción
'charmap' codec can't decode byte 0x8d in position 752: character maps to <undefined> 'para_procesar\4KW PROCUTTER 150_100\factory\ALUMINIO\PARAMETROS PROCUTTER 4KW 150 100 ALUMINIO.xls'
28-3-2025 18:26:10 --> [LCSV-0001] = Se ha producido un error de excepción
'charmap' codec can't decode byte 0x8d in position 752: character maps to <undefined> 'para_procesar\4KW PROCUTTER 150_100\factory\COBRE\PARAMETROS PROCUTTER 4KW 150 100 COBRE.xls'
28-3-2025 18:26:10 --> [LCSV-0001] = Se ha producido un error de excepción
'charmap' codec can't decode byte 0x8d in position 752: character maps to <undefined> 'para_procesar\4KW PROCUTTER 150_100\factory\GALVANIZADO\PARAMETROS PROCUTTER 4KW 150 100 GALVANIZADO.xls'
28-3-2025 18:26:10 --> [LCSV-0001] = Se ha producido un error de excepción
'charmap' codec can't decode byte 0x8d in position 752: character maps to <undefined> 'para_procesar\4KW PROCUTTER 150_100\factory\LATON\PARAMETROS PROCUTTER 4KW 150 100 LATON.xls'
28-3-2025 18:27:9 --> [LCSV-0001] = Se ha producido un error de excepción
'NoneType' object has no attribute 'span' 'para_procesar\15KW PROCUTTER 2.0 200_100\factory\ALUMINIUM\ALUMINIO_Al-5754_4.00_N2_3.50_200_15KW_'
28-3-2025 18:27:9 --> [LCSV-0001] = Se ha producido un error de excepción
'NoneType' object has no attribute 'span' 'para_procesar\15KW PROCUTTER 2.0 200_100\factory\ALUMINIUM\ALUMINIO_Al-5754_5.00_N2_3.00_200_15KW_'
28-3-2025 18:27:10 --> [LCSV-0001] = Se ha producido un error de excepción
'NoneType' object has no attribute 'span' 'para_procesar\3KW LIGHTCUTTER_PROCUTTER 150_100\factory\ACERO AIR\ACERO AL CARBONO_DD11_1.00_AIR_2.00_LIGHTCUTTER 150 3KW_'
28-3-2025 18:27:10 --> [LCSV-0001] = Se ha producido un error de excepción
'NoneType' object has no attribute 'span' 'para_procesar\3KW PROCUTTER 150_100 (YLR)\factory\ACERO AIR\ACERO AL CARBONO_DD11_1.00_AIR_2.00_PROCUTTER 150 3KW_'
28-3-2025 18:32:4 --> [LCSV-0001] = Se ha producido un error de excepción
'NoneType' object has no attribute 'span' 'para_procesar\15KW PROCUTTER 2.0 200_100\factory\ALUMINIUM\ALUMINIO_Al-5754_4.00_N2_3.50_200_15KW_'
28-3-2025 18:32:4 --> [LCSV-0001] = Se ha producido un error de excepción
'NoneType' object has no attribute 'span' 'para_procesar\15KW PROCUTTER 2.0 200_100\factory\ALUMINIUM\ALUMINIO_Al-5754_5.00_N2_3.00_200_15KW_'
28-3-2025 18:32:4 --> [LCSV-0001] = Se ha producido un error de excepción
'NoneType' object has no attribute 'span' 'para_procesar\3KW LIGHTCUTTER_PROCUTTER 150_100\factory\ACERO AIR\ACERO AL CARBONO_DD11_1.00_AIR_2.00_LIGHTCUTTER 150 3KW_'
28-3-2025 18:32:4 --> [LCSV-0001] = Se ha producido un error de excepción
'NoneType' object has no attribute 'span' 'para_procesar\3KW PROCUTTER 150_100 (YLR)\factory\ACERO AIR\ACERO AL CARBONO_DD11_1.00_AIR_2.00_PROCUTTER 150 3KW_'
28-3-2025 18:34:22 --> [LCSV-0001] = Se ha producido un error de excepción
'NoneType' object has no attribute 'span' 'para_procesar\15KW PROCUTTER 2.0 200_100\factory\ALUMINIUM\ALUMINIO_Al-5754_4.00_N2_3.50_200_15KW_'
28-3-2025 18:34:22 --> [LCSV-0001] = Se ha producido un error de excepción
'NoneType' object has no attribute 'span' 'para_procesar\15KW PROCUTTER 2.0 200_100\factory\ALUMINIUM\ALUMINIO_Al-5754_5.00_N2_3.00_200_15KW_'
28-3-2025 18:34:23 --> [LCSV-0001] = Se ha producido un error de excepción
'NoneType' object has no attribute 'span' 'para_procesar\3KW LIGHTCUTTER_PROCUTTER 150_100\factory\ACERO AIR\ACERO AL CARBONO_DD11_1.00_AIR_2.00_LIGHTCUTTER 150 3KW_'
28-3-2025 18:34:23 --> [LCSV-0001] = Se ha producido un error de excepción
'NoneType' object has no attribute 'span' 'para_procesar\3KW PROCUTTER 150_100 (YLR)\factory\ACERO AIR\ACERO AL CARBONO_DD11_1.00_AIR_2.00_PROCUTTER 150 3KW_'
28-3-2025 18:36:45 --> [LCSV-0001] = Se ha producido un error de excepción
'NoneType' object has no attribute 'span' 'para_procesar\15KW PROCUTTER 2.0 200_100\factory\ALUMINIUM\ALUMINIO_Al-5754_4.00_N2_3.50_200_15KW_'
28-3-2025 18:36:45 --> [LCSV-0001] = Se ha producido un error de excepción
'NoneType' object has no attribute 'span' 'para_procesar\15KW PROCUTTER 2.0 200_100\factory\ALUMINIUM\ALUMINIO_Al-5754_5.00_N2_3.00_200_15KW_'
28-3-2025 18:36:45 --> [LCSV-0001] = Se ha producido un error de excepción
'NoneType' object has no attribute 'span' 'para_procesar\3KW LIGHTCUTTER_PROCUTTER 150_100\factory\ACERO AIR\ACERO AL CARBONO_DD11_1.00_AIR_2.00_LIGHTCUTTER 150 3KW_'
28-3-2025 18:36:45 --> [LCSV-0001] = Se ha producido un error de excepción
'NoneType' object has no attribute 'span' 'para_procesar\3KW PROCUTTER 150_100 (YLR)\factory\ACERO AIR\ACERO AL CARBONO_DD11_1.00_AIR_2.00_PROCUTTER 150 3KW_'
28-3-2025 18:44:15 --> [LCSV-0001] = Se ha producido un error de excepción
'NoneType' object has no attribute 'span' 'para_procesar\15KW PROCUTTER 2.0 200_100\factory\ALUMINIUM\ALUMINIO_Al-5754_4.00_N2_3.50_200_15KW_'
28-3-2025 18:44:15 --> [LCSV-0001] = Se ha producido un error de excepción
'NoneType' object has no attribute 'span' 'para_procesar\15KW PROCUTTER 2.0 200_100\factory\ALUMINIUM\ALUMINIO_Al-5754_5.00_N2_3.00_200_15KW_'
28-3-2025 18:44:15 --> [LCSV-0001] = Se ha producido un error de excepción
'NoneType' object has no attribute 'span' 'para_procesar\3KW LIGHTCUTTER_PROCUTTER 150_100\factory\ACERO AIR\ACERO AL CARBONO_DD11_1.00_AIR_2.00_LIGHTCUTTER 150 3KW_'
28-3-2025 18:44:15 --> [LCSV-0001] = Se ha producido un error de excepción
'NoneType' object has no attribute 'span' 'para_procesar\3KW PROCUTTER 150_100 (YLR)\factory\ACERO AIR\ACERO AL CARBONO_DD11_1.00_AIR_2.00_PROCUTTER 150 3KW_'
28-3-2025 19:4:26 --> [LCSV-0001] = Se ha producido un error de excepción
'NoneType' object has no attribute 'span' 'para_procesar\15KW PROCUTTER 2.0 200_100\factory\ALUMINIUM\ALUMINIO_Al-5754_4.00_N2_3.50_200_15KW_'
28-3-2025 19:4:26 --> [LCSV-0001] = Se ha producido un error de excepción
'NoneType' object has no attribute 'span' 'para_procesar\15KW PROCUTTER 2.0 200_100\factory\ALUMINIUM\ALUMINIO_Al-5754_5.00_N2_3.00_200_15KW_'
28-3-2025 19:4:26 --> [LCSV-0001] = Se ha producido un error de excepción
'NoneType' object has no attribute 'span' 'para_procesar\3KW LIGHTCUTTER_PROCUTTER 150_100\factory\ACERO AIR\ACERO AL CARBONO_DD11_1.00_AIR_2.00_LIGHTCUTTER 150 3KW_'
28-3-2025 19:4:26 --> [LCSV-0001] = Se ha producido un error de excepción
'NoneType' object has no attribute 'span' 'para_procesar\3KW PROCUTTER 150_100 (YLR)\factory\ACERO AIR\ACERO AL CARBONO_DD11_1.00_AIR_2.00_PROCUTTER 150 3KW_'
